[2015-04-15 18:51:28] :: Request:
VPSProtocol=3.00&TxType=PAYMENT&Vendor=f679717b50965ff8&VendorTxCode=PAYMENT-11472407-937223763&Amount=123.00&Currency=EUR&Description=abcxyz&BillingSurname=...&BillingFirstnames=...&BillingAddress1=...&BillingCity=...&BillingPostCode=...&BillingCountry=...&DeliverySurname=...&DeliveryFirstnames=...&DeliveryAddress1=...&DeliveryCity=...&DeliveryPostCode=...&DeliveryCountry=...&CustomerName=...&CustomerEMail=...&VendorEMail=...&SendEMail=...&eMailMessage=...&BillingAddress2=...&BillingPhone=...&ApplyAVSCV2=...&Apply3DSecure=...&AllowGiftAid=...&BillingAgreement=...&DeliveryAddress2=...&DeliveryPhone=...&BasketXML=...&SurchargeXML=...&CardType=...&CardNumber=...&ExpiryDate=...&CV2=...&CardHolder=...&AccountType=...
[2015-04-15 18:51:28] :: Response:
{"VPSProtocol":"VPSProtocol=3.00","Status":"Status=INVALID","StatusDetail":"StatusDetail=3008 : The Vendor or Vendorname format is invalid."}
[2015-04-15 18:51:59] :: Request:
VPSProtocol=3.00&TxType=PAYMENT&Vendor=f679717b50965ff8&VendorTxCode=PAYMENT-3829800-17878443&Amount=123.00&Currency=EUR&Description=abcxyz&BillingSurname=...&BillingFirstnames=...&BillingAddress1=...&BillingCity=...&BillingPostCode=...&BillingCountry=...&DeliverySurname=...&DeliveryFirstnames=...&DeliveryAddress1=...&DeliveryCity=...&DeliveryPostCode=...&DeliveryCountry=...&CustomerName=...&CustomerEMail=...&VendorEMail=...&SendEMail=...&eMailMessage=...&BillingAddress2=...&BillingPhone=...&ApplyAVSCV2=...&Apply3DSecure=...&AllowGiftAid=...&BillingAgreement=...&DeliveryAddress2=...&DeliveryPhone=...&BasketXML=...&SurchargeXML=...&CardType=...&CardNumber=...&ExpiryDate=...&CV2=...&CardHolder=...&AccountType=...
[2015-04-15 18:51:59] :: Response:
{"VPSProtocol":"VPSProtocol=3.00","Status":"Status=INVALID","StatusDetail":"StatusDetail=3008 : The Vendor or Vendorname format is invalid."}
[2015-04-15 18:52:58] :: Request:
VPSProtocol=3.00&TxType=PAYMENT&Vendor=f679717b50965ff8&VendorTxCode=PAYMENT-78647802-885330364&Amount=123.00&Currency=EUR&Description=abcxyz&BillingSurname=...&BillingFirstnames=...&BillingAddress1=...&BillingCity=...&BillingPostCode=...&BillingCountry=...&DeliverySurname=...&DeliveryFirstnames=...&DeliveryAddress1=...&DeliveryCity=...&DeliveryPostCode=...&DeliveryCountry=...&CustomerName=...&CustomerEMail=...&VendorEMail=...&SendEMail=...&eMailMessage=...&BillingAddress2=...&BillingPhone=...&ApplyAVSCV2=...&Apply3DSecure=...&AllowGiftAid=...&BillingAgreement=...&DeliveryAddress2=...&DeliveryPhone=...&BasketXML=...&SurchargeXML=...&CardType=...&CardNumber=...&ExpiryDate=...&CV2=...&CardHolder=...&AccountType=...
[2015-04-15 18:52:58] :: Response:
{"VPSProtocol":"VPSProtocol=3.00","Status":"Status=INVALID","StatusDetail":"StatusDetail=3008 : The Vendor or Vendorname format is invalid."}
[2015-04-15 18:53:14] :: Request:
VPSProtocol=3.00&TxType=PAYMENT&Vendor=f679717b50965ff8&VendorTxCode=PAYMENT-10656959-842466515&Amount=123.00&Currency=EUR&Description=abcxyz&BillingSurname=...&BillingFirstnames=...&BillingAddress1=...&BillingCity=...&BillingPostCode=...&BillingCountry=...&DeliverySurname=...&DeliveryFirstnames=...&DeliveryAddress1=...&DeliveryCity=...&DeliveryPostCode=...&DeliveryCountry=...&CustomerName=...&CustomerEMail=...&VendorEMail=...&SendEMail=...&eMailMessage=...&BillingAddress2=...&BillingPhone=...&ApplyAVSCV2=...&Apply3DSecure=...&AllowGiftAid=...&BillingAgreement=...&DeliveryAddress2=...&DeliveryPhone=...&BasketXML=...&SurchargeXML=...&CardType=...&CardNumber=...&ExpiryDate=...&CV2=...&CardHolder=...&AccountType=...
[2015-04-15 18:53:14] :: Response:
{"VPSProtocol":"VPSProtocol=3.00","Status":"Status=INVALID","StatusDetail":"StatusDetail=3008 : The Vendor or Vendorname format is invalid."}
[2015-04-15 18:54:37] :: Request:
VPSProtocol=3.00&TxType=PAYMENT&Vendor=thehutch&VendorTxCode=thehutch-PAYMENT-64232983-238615127&Amount=123.00&Currency=EUR&Description=abcxyz&BillingSurname=...&BillingFirstnames=...&BillingAddress1=...&BillingCity=...&BillingPostCode=...&BillingCountry=...&DeliverySurname=...&DeliveryFirstnames=...&DeliveryAddress1=...&DeliveryCity=...&DeliveryPostCode=...&DeliveryCountry=...&CustomerName=...&CustomerEMail=...&VendorEMail=...&SendEMail=...&eMailMessage=...&BillingAddress2=...&BillingPhone=...&ApplyAVSCV2=...&Apply3DSecure=...&AllowGiftAid=...&BillingAgreement=...&DeliveryAddress2=...&DeliveryPhone=...&BasketXML=...&SurchargeXML=...&CardType=...&CardNumber=...&ExpiryDate=...&CV2=...&CardHolder=...&AccountType=...
[2015-04-15 18:54:37] :: Response:
{"VPSProtocol":"VPSProtocol=3.00","Status":"Status=MALFORMED","StatusDetail":"StatusDetail=3055 : The CardType field is required."}
[2015-04-15 19:03:45] :: Request:
VPSProtocol=3.00&TxType=PAYMENT&Vendor=thehutch&VendorTxCode=thehutch-PAYMENT-61246604-683716519&Amount=123.00&Currency=EUR&Description=abcxyz&BillingSurname=...&BillingFirstnames=...&BillingAddress1=...&BillingCity=...&BillingPostCode=...&BillingCountry=...&DeliverySurname=...&DeliveryFirstnames=...&DeliveryAddress1=...&DeliveryCity=...&DeliveryPostCode=...&DeliveryCountry=...&CustomerName=...&CustomerEMail=...&VendorEMail=...&SendEMail=...&eMailMessage=...&BillingAddress2=...&BillingPhone=...&ApplyAVSCV2=...&Apply3DSecure=...&AllowGiftAid=...&BillingAgreement=...&DeliveryAddress2=...&DeliveryPhone=...&BasketXML=...&SurchargeXML=...&CardType=...&CardNumber=...&ExpiryDate=...&CV2=...&CardHolder=...&AccountType=...
[2015-04-15 19:03:45] :: Response:
{"VPSProtocol":"VPSProtocol=3.00","Status":"Status=MALFORMED","StatusDetail":"StatusDetail=3055 : The CardType field is required."}
[2015-04-15 19:06:08] :: Request:
VPSProtocol=3.00&TxType=PAYMENT&Vendor=thehutch&VendorTxCode=thehutch-PAYMENT-81996118-542303137&Amount=123.00&Currency=EUR&Description=abcxyz&BillingSurname=...&BillingFirstnames=...&BillingAddress1=...&BillingCity=...&BillingPostCode=...&BillingCountry=...&DeliverySurname=...&DeliveryFirstnames=...&DeliveryAddress1=...&DeliveryCity=...&DeliveryPostCode=...&DeliveryCountry=...&CustomerName=...&CustomerEMail=...&VendorEMail=...&SendEMail=...&eMailMessage=...&BillingAddress2=...&BillingPhone=...&ApplyAVSCV2=...&Apply3DSecure=...&AllowGiftAid=...&BillingAgreement=...&DeliveryAddress2=...&DeliveryPhone=...&BasketXML=...&SurchargeXML=...&CardType=...&CardNumber=...&ExpiryDate=...&CV2=...&CardHolder=...&AccountType=...
[2015-04-15 19:06:08] :: Response:
{"VPSProtocol":"VPSProtocol=3.00","Status":"Status=MALFORMED","StatusDetail":"StatusDetail=3055 : The CardType field is required."}
[2015-04-15 19:12:40] :: Request:
VPSProtocol=3.00&TxType=PAYMENT&Vendor=thehutch&VendorTxCode=thehutch-PAYMENT-97226499-432874835&Amount=123.00&Currency=EUR&Description=abcxyz&BillingSurname=...&BillingFirstnames=...&BillingAddress1=...&BillingCity=...&BillingPostCode=...&BillingCountry=...&DeliverySurname=...&DeliveryFirstnames=...&DeliveryAddress1=...&DeliveryCity=...&DeliveryPostCode=...&DeliveryCountry=...&CustomerName=...&CustomerEMail=...&VendorEMail=...&SendEMail=...&eMailMessage=...&BillingAddress2=...&BillingPhone=...&ApplyAVSCV2=...&Apply3DSecure=...&AllowGiftAid=...&BillingAgreement=...&DeliveryAddress2=...&DeliveryPhone=...&BasketXML=...&SurchargeXML=...&CardType=...&CardNumber=...&ExpiryDate=...&CV2=...&CardHolder=...&AccountType=...
[2015-04-15 19:12:40] :: Response:
{"VPSProtocol":"VPSProtocol=3.00","Status":"Status=INVALID","StatusDetail":"StatusDetail=3141 : The BillingCountry value is invalid."}
[2015-04-15 19:16:34] :: Request:
VPSProtocol=3.00&TxType=PAYMENT&Vendor=thehutch&VendorTxCode=thehutch-PAYMENT-86752897-629226043&Amount=123.00&Currency=EUR&Description=abcxyz&BillingSurname=...&BillingFirstnames=...&BillingAddress1=...&BillingCity=...&BillingPostCode=...&BillingCountry=...&DeliverySurname=...&DeliveryFirstnames=...&DeliveryAddress1=...&DeliveryCity=...&DeliveryPostCode=...&DeliveryCountry=...&CustomerName=...&CustomerEMail=...&VendorEMail=...&SendEMail=...&eMailMessage=...&BillingAddress2=...&BillingPhone=...&ApplyAVSCV2=...&Apply3DSecure=...&AllowGiftAid=...&BillingAgreement=...&DeliveryAddress2=...&DeliveryPhone=...&BasketXML=...&SurchargeXML=...&CardType=...&CardNumber=...&ExpiryDate=...&CV2=...&CardHolder=...&AccountType=...
[2015-04-15 19:16:34] :: Response:
{"VPSProtocol":"VPSProtocol=3.00","Status":"Status=MALFORMED","StatusDetail":"StatusDetail=3090 : The BillingPostCode is required."}
[2015-04-15 19:17:35] :: Request:
VPSProtocol=3.00&TxType=PAYMENT&Vendor=thehutch&VendorTxCode=thehutch-PAYMENT-88038090-925029251&Amount=123.00&Currency=EUR&Description=abcxyz&BillingSurname=...&BillingFirstnames=...&BillingAddress1=...&BillingCity=...&BillingPostCode=...&BillingCountry=...&DeliverySurname=...&DeliveryFirstnames=...&DeliveryAddress1=...&DeliveryCity=...&DeliveryPostCode=...&DeliveryCountry=...&CustomerName=...&CustomerEMail=...&VendorEMail=...&SendEMail=...&eMailMessage=...&BillingAddress2=...&BillingPhone=...&ApplyAVSCV2=...&Apply3DSecure=...&AllowGiftAid=...&BillingAgreement=...&DeliveryAddress2=...&DeliveryPhone=...&BasketXML=...&SurchargeXML=...&CardType=...&CardNumber=...&ExpiryDate=...&CV2=...&CardHolder=...&AccountType=...
[2015-04-15 19:17:35] :: Response:
{"VPSProtocol":"VPSProtocol=3.00","Status":"Status=INVALID","StatusDetail":"StatusDetail=4008 : The Currency is not supported on this account."}
[2015-04-15 19:18:16] :: Request:
VPSProtocol=3.00&TxType=PAYMENT&Vendor=thehutch&VendorTxCode=thehutch-PAYMENT-39897948-448077440&Amount=123.00&Currency=GBP&Description=abcxyz&BillingSurname=...&BillingFirstnames=...&BillingAddress1=...&BillingCity=...&BillingPostCode=...&BillingCountry=...&DeliverySurname=...&DeliveryFirstnames=...&DeliveryAddress1=...&DeliveryCity=...&DeliveryPostCode=...&DeliveryCountry=...&CustomerName=...&CustomerEMail=...&VendorEMail=...&SendEMail=...&eMailMessage=...&BillingAddress2=...&BillingPhone=...&ApplyAVSCV2=...&Apply3DSecure=...&AllowGiftAid=...&BillingAgreement=...&DeliveryAddress2=...&DeliveryPhone=...&BasketXML=...&SurchargeXML=...&CardType=...&CardNumber=...&ExpiryDate=...&CV2=...&CardHolder=...&AccountType=...
[2015-04-15 19:18:16] :: Response:
{"VPSProtocol":"VPSProtocol=3.00","Status":"Status=INVALID","StatusDetail":"StatusDetail=5028 : The Card Expiry Date is invalid."}
[2015-04-15 19:19:23] :: Request:
VPSProtocol=3.00&TxType=PAYMENT&Vendor=thehutch&VendorTxCode=thehutch-PAYMENT-61075254-188678980&Amount=123.00&Currency=GBP&Description=abcxyz&BillingSurname=...&BillingFirstnames=...&BillingAddress1=...&BillingCity=...&BillingPostCode=...&BillingCountry=...&DeliverySurname=...&DeliveryFirstnames=...&DeliveryAddress1=...&DeliveryCity=...&DeliveryPostCode=...&DeliveryCountry=...&CustomerName=...&CustomerEMail=...&VendorEMail=...&SendEMail=...&eMailMessage=...&BillingAddress2=...&BillingPhone=...&ApplyAVSCV2=...&Apply3DSecure=...&AllowGiftAid=...&BillingAgreement=...&DeliveryAddress2=...&DeliveryPhone=...&BasketXML=...&SurchargeXML=...&CardType=...&CardNumber=...&ExpiryDate=...&CV2=...&CardHolder=...&AccountType=...
[2015-04-15 19:19:23] :: Response:
{"VPSProtocol":"VPSProtocol=3.00","Status":"Status=NOTAUTHED","StatusDetail":"StatusDetail=2000 : The Authorisation was Declined by the bank.","VPSTxId":"VPSTxId={B4709DF0-B37F-E4FC-32B8-8A872887D3FE}","SecurityKey":"...","AVSCV2":"...","AddressResult":"...","PostCodeResult":"...","CV2Result":"...","3DSecureStatus":"...","DeclineCode":"...","ExpiryDate":"...","Surcharge":"..."}
[2015-04-15 19:22:08] :: Request:
VPSProtocol=3.00&TxType=PAYMENT&Vendor=thehutch&VendorTxCode=thehutch-PAYMENT-24836609-814224717&Amount=123.00&Currency=GBP&Description=abcxyz&BillingSurname=...&BillingFirstnames=...&BillingAddress1=...&BillingCity=...&BillingPostCode=...&BillingCountry=...&DeliverySurname=...&DeliveryFirstnames=...&DeliveryAddress1=...&DeliveryCity=...&DeliveryPostCode=...&DeliveryCountry=...&CustomerName=...&CustomerEMail=...&VendorEMail=...&SendEMail=...&eMailMessage=...&BillingAddress2=...&BillingPhone=...&ApplyAVSCV2=...&Apply3DSecure=...&AllowGiftAid=...&BillingAgreement=...&DeliveryAddress2=...&DeliveryPhone=...&BasketXML=...&SurchargeXML=...&CardType=...&CardNumber=...&ExpiryDate=...&CV2=...&CardHolder=...&AccountType=...
[2015-04-15 19:22:08] :: Response:
{"VPSProtocol":"VPSProtocol=3.00","Status":"Status=OK","StatusDetail":"StatusDetail=0000 : The Authorisation was Successful.","VPSTxId":"VPSTxId={3CC938B6-F5AA-2EB6-1132-FA939D115E8B}","SecurityKey":"...","TxAuthNo":"...","AVSCV2":"...","AddressResult":"...","PostCodeResult":"...","CV2Result":"...","3DSecureStatus":"...","DeclineCode":"...","ExpiryDate":"...","BankAuthCode":"...","Surcharge":"..."}
[2015-04-16 06:23:03] :: Request:
VPSProtocol=3.00&TxType=PAYMENT&Vendor=thehutch&VendorTxCode=thehutch-PAYMENT-19387149-49929977&Amount=123.00&Currency=GBP&Description=abcxyz&BillingSurname=...&BillingFirstnames=...&BillingAddress1=...&BillingCity=...&BillingPostCode=...&BillingCountry=...&DeliverySurname=...&DeliveryFirstnames=...&DeliveryAddress1=...&DeliveryCity=...&DeliveryPostCode=...&DeliveryCountry=...&CustomerName=...&CustomerEMail=...&VendorEMail=...&SendEMail=...&eMailMessage=...&BillingAddress2=...&BillingPhone=...&ApplyAVSCV2=...&Apply3DSecure=...&AllowGiftAid=...&BillingAgreement=...&DeliveryAddress2=...&DeliveryPhone=...&BasketXML=...&SurchargeXML=...&CardType=...&CardNumber=...&ExpiryDate=...&CV2=...&CardHolder=...&AccountType=...
[2015-04-16 06:23:03] :: Response:
{"VPSProtocol":"VPSProtocol=3.00","Status":"Status=OK","StatusDetail":"StatusDetail=0000 : The Authorisation was Successful.","VPSTxId":"VPSTxId={8113A583-D3F1-A0DC-A43B-E2BFC281D4BD}","SecurityKey":"...","TxAuthNo":"...","AVSCV2":"...","AddressResult":"...","PostCodeResult":"...","CV2Result":"...","3DSecureStatus":"...","DeclineCode":"...","ExpiryDate":"...","BankAuthCode":"...","Surcharge":"..."}
[2015-04-16 06:27:42] :: Request:
VPSProtocol=3.00&TxType=PAYMENT&Vendor=thehutch&VendorTxCode=thehutch-PAYMENT-70875209-906088934&Amount=123.00&Currency=GBP&Description=abcxyz&BillingSurname=...&BillingFirstnames=...&BillingAddress1=...&BillingCity=...&BillingPostCode=...&BillingCountry=...&DeliverySurname=...&DeliveryFirstnames=...&DeliveryAddress1=...&DeliveryCity=...&DeliveryPostCode=...&DeliveryCountry=...&CustomerName=...&CustomerEMail=...&VendorEMail=...&SendEMail=...&eMailMessage=...&BillingAddress2=...&BillingPhone=...&ApplyAVSCV2=...&Apply3DSecure=...&AllowGiftAid=...&BillingAgreement=...&DeliveryAddress2=...&DeliveryPhone=...&BasketXML=...&SurchargeXML=...&CardType=...&CardNumber=...&ExpiryDate=...&CV2=...&CardHolder=...&AccountType=...
[2015-04-16 06:27:42] :: Response:
{"VPSProtocol":"VPSProtocol=3.00","Status":"Status=3DAUTH","StatusDetail":"StatusDetail=2007 : Please redirect your customer to the ACSURL, passing the MD and PaReq.","3DSecureStatus":"...","MD":"...","ACSURL":"...","PAReq":"..."}
[2015-04-16 06:43:40] :: Request:
VPSProtocol=3.00&TxType=PAYMENT&Vendor=thehutch&VendorTxCode=thehutch-PAYMENT-27831784-799953891&Amount=123.00&Currency=GBP&Description=abcxyz&BillingSurname=...&BillingFirstnames=...&BillingAddress1=...&BillingCity=...&BillingPostCode=...&BillingCountry=...&DeliverySurname=...&DeliveryFirstnames=...&DeliveryAddress1=...&DeliveryCity=...&DeliveryPostCode=...&DeliveryCountry=...&CustomerName=...&CustomerEMail=...&VendorEMail=...&SendEMail=...&eMailMessage=...&BillingAddress2=...&BillingPhone=...&ApplyAVSCV2=...&Apply3DSecure=...&AllowGiftAid=...&BillingAgreement=...&DeliveryAddress2=...&DeliveryPhone=...&BasketXML=...&SurchargeXML=...&CardType=...&CardNumber=...&ExpiryDate=...&CV2=...&CardHolder=...&AccountType=...
[2015-04-16 06:43:40] :: Response:
{"VPSProtocol":"VPSProtocol=3.00","Status":"Status=OK","StatusDetail":"StatusDetail=0000 : The Authorisation was Successful.","VPSTxId":"VPSTxId={917DDE70-42AD-0BDB-367D-FF01F0DFA61F}","SecurityKey":"...","TxAuthNo":"...","AVSCV2":"...","AddressResult":"...","PostCodeResult":"...","CV2Result":"...","3DSecureStatus":"...","DeclineCode":"...","ExpiryDate":"...","BankAuthCode":"...","Surcharge":"..."}
[2015-04-16 06:46:15] :: Request:
VPSProtocol=3.00&TxType=PAYMENT&Vendor=thehutch&VendorTxCode=thehutch-PAYMENT-3303450-586664774&Amount=123.00&Currency=GBP&Description=abcxyz&BillingSurname=...&BillingFirstnames=...&BillingAddress1=...&BillingCity=...&BillingPostCode=...&BillingCountry=...&DeliverySurname=...&DeliveryFirstnames=...&DeliveryAddress1=...&DeliveryCity=...&DeliveryPostCode=...&DeliveryCountry=...&CustomerName=...&CustomerEMail=...&VendorEMail=...&SendEMail=...&eMailMessage=...&BillingAddress2=...&BillingPhone=...&ApplyAVSCV2=...&Apply3DSecure=...&AllowGiftAid=...&BillingAgreement=...&DeliveryAddress2=...&DeliveryPhone=...&BasketXML=...&SurchargeXML=...&CardType=...&CardNumber=...&ExpiryDate=...&CV2=...&CardHolder=...&AccountType=...
[2015-04-16 06:46:15] :: Response:
{"VPSProtocol":"VPSProtocol=3.00","Status":"Status=3DAUTH","StatusDetail":"StatusDetail=2007 : Please redirect your customer to the ACSURL, passing the MD and PaReq.","3DSecureStatus":"...","MD":"...","ACSURL":"...","PAReq":"..."}
[2015-04-16 06:48:48] :: Request:
VPSProtocol=3.00&TxType=PAYMENT&Vendor=thehutch&VendorTxCode=thehutch-PAYMENT-57516640-13263483&Amount=123.00&Currency=GBP&Description=abcxyz&BillingSurname=...&BillingFirstnames=...&BillingAddress1=...&BillingCity=...&BillingPostCode=...&BillingCountry=...&DeliverySurname=...&DeliveryFirstnames=...&DeliveryAddress1=...&DeliveryCity=...&DeliveryPostCode=...&DeliveryCountry=...&CustomerName=...&CustomerEMail=...&VendorEMail=...&SendEMail=...&eMailMessage=...&BillingAddress2=...&BillingPhone=...&ApplyAVSCV2=...&Apply3DSecure=...&AllowGiftAid=...&BillingAgreement=...&DeliveryAddress2=...&DeliveryPhone=...&BasketXML=...&SurchargeXML=...&CardType=...&CardNumber=...&ExpiryDate=...&CV2=...&CardHolder=...&AccountType=...
[2015-04-16 06:48:48] :: Response:
{"VPSProtocol":"VPSProtocol=3.00","Status":"Status=3DAUTH","StatusDetail":"StatusDetail=2007 : Please redirect your customer to the ACSURL, passing the MD and PaReq.","3DSecureStatus":"...","MD":"...","ACSURL":"...","PAReq":"..."}
[2015-04-16 06:49:00] :: Request:
VPSProtocol=3.00&TxType=PAYMENT&Vendor=thehutch&VendorTxCode=thehutch-PAYMENT-5293502-503582867&Amount=123.00&Currency=GBP&Description=abcxyz&BillingSurname=...&BillingFirstnames=...&BillingAddress1=...&BillingCity=...&BillingPostCode=...&BillingCountry=...&DeliverySurname=...&DeliveryFirstnames=...&DeliveryAddress1=...&DeliveryCity=...&DeliveryPostCode=...&DeliveryCountry=...&CustomerName=...&CustomerEMail=...&VendorEMail=...&SendEMail=...&eMailMessage=...&BillingAddress2=...&BillingPhone=...&ApplyAVSCV2=...&Apply3DSecure=...&AllowGiftAid=...&BillingAgreement=...&DeliveryAddress2=...&DeliveryPhone=...&BasketXML=...&SurchargeXML=...&CardType=...&CardNumber=...&ExpiryDate=...&CV2=...&CardHolder=...&AccountType=...
[2015-04-16 06:49:00] :: Response:
{"VPSProtocol":"VPSProtocol=3.00","Status":"Status=3DAUTH","StatusDetail":"StatusDetail=2007 : Please redirect your customer to the ACSURL, passing the MD and PaReq.","3DSecureStatus":"...","MD":"...","ACSURL":"...","PAReq":"..."}
[2015-04-16 06:49:13] :: Request:
VPSProtocol=3.00&TxType=PAYMENT&Vendor=thehutch&VendorTxCode=thehutch-PAYMENT-73655720-199190537&Amount=123.00&Currency=GBP&Description=abcxyz&BillingSurname=...&BillingFirstnames=...&BillingAddress1=...&BillingCity=...&BillingPostCode=...&BillingCountry=...&DeliverySurname=...&DeliveryFirstnames=...&DeliveryAddress1=...&DeliveryCity=...&DeliveryPostCode=...&DeliveryCountry=...&CustomerName=...&CustomerEMail=...&VendorEMail=...&SendEMail=...&eMailMessage=...&BillingAddress2=...&BillingPhone=...&ApplyAVSCV2=...&Apply3DSecure=...&AllowGiftAid=...&BillingAgreement=...&DeliveryAddress2=...&DeliveryPhone=...&BasketXML=...&SurchargeXML=...&CardType=...&CardNumber=...&ExpiryDate=...&CV2=...&CardHolder=...&AccountType=...
[2015-04-16 06:49:13] :: Response:
{"VPSProtocol":"VPSProtocol=3.00","Status":"Status=3DAUTH","StatusDetail":"StatusDetail=2007 : Please redirect your customer to the ACSURL, passing the MD and PaReq.","3DSecureStatus":"...","MD":"...","ACSURL":"...","PAReq":"..."}
[2015-04-16 06:49:21] :: Request:
VPSProtocol=3.00&TxType=PAYMENT&Vendor=thehutch&VendorTxCode=thehutch-PAYMENT-27989868-925250147&Amount=123.00&Currency=GBP&Description=abcxyz&BillingSurname=...&BillingFirstnames=...&BillingAddress1=...&BillingCity=...&BillingPostCode=...&BillingCountry=...&DeliverySurname=...&DeliveryFirstnames=...&DeliveryAddress1=...&DeliveryCity=...&DeliveryPostCode=...&DeliveryCountry=...&CustomerName=...&CustomerEMail=...&VendorEMail=...&SendEMail=...&eMailMessage=...&BillingAddress2=...&BillingPhone=...&ApplyAVSCV2=...&Apply3DSecure=...&AllowGiftAid=...&BillingAgreement=...&DeliveryAddress2=...&DeliveryPhone=...&BasketXML=...&SurchargeXML=...&CardType=...&CardNumber=...&ExpiryDate=...&CV2=...&CardHolder=...&AccountType=...
[2015-04-16 06:49:21] :: Response:
{"VPSProtocol":"VPSProtocol=3.00","Status":"Status=3DAUTH","StatusDetail":"StatusDetail=2007 : Please redirect your customer to the ACSURL, passing the MD and PaReq.","3DSecureStatus":"...","MD":"...","ACSURL":"...","PAReq":"..."}
[2015-04-16 06:50:10] :: Request:
VPSProtocol=3.00&TxType=PAYMENT&Vendor=thehutch&VendorTxCode=thehutch-PAYMENT-27824906-321048326&Amount=123.00&Currency=GBP&Description=abcxyz&BillingSurname=...&BillingFirstnames=...&BillingAddress1=...&BillingCity=...&BillingPostCode=...&BillingCountry=...&DeliverySurname=...&DeliveryFirstnames=...&DeliveryAddress1=...&DeliveryCity=...&DeliveryPostCode=...&DeliveryCountry=...&CustomerName=...&CustomerEMail=...&VendorEMail=...&SendEMail=...&eMailMessage=...&BillingAddress2=...&BillingPhone=...&ApplyAVSCV2=...&Apply3DSecure=...&AllowGiftAid=...&BillingAgreement=...&DeliveryAddress2=...&DeliveryPhone=...&BasketXML=...&SurchargeXML=...&CardType=...&CardNumber=...&ExpiryDate=...&CV2=...&CardHolder=...&AccountType=...
[2015-04-16 06:50:10] :: Response:
{"VPSProtocol":"VPSProtocol=3.00","Status":"Status=3DAUTH","StatusDetail":"StatusDetail=2007 : Please redirect your customer to the ACSURL, passing the MD and PaReq.","3DSecureStatus":"...","MD":"...","ACSURL":"...","PAReq":"..."}
[2015-04-16 06:50:55] :: Request:
VPSProtocol=3.00&TxType=PAYMENT&Vendor=thehutch&VendorTxCode=thehutch-PAYMENT-55372600-811098300&Amount=123.00&Currency=GBP&Description=abcxyz&BillingSurname=...&BillingFirstnames=...&BillingAddress1=...&BillingCity=...&BillingPostCode=...&BillingCountry=...&DeliverySurname=...&DeliveryFirstnames=...&DeliveryAddress1=...&DeliveryCity=...&DeliveryPostCode=...&DeliveryCountry=...&CustomerName=...&CustomerEMail=...&VendorEMail=...&SendEMail=...&eMailMessage=...&BillingAddress2=...&BillingPhone=...&ApplyAVSCV2=...&Apply3DSecure=...&AllowGiftAid=...&BillingAgreement=...&DeliveryAddress2=...&DeliveryPhone=...&BasketXML=...&SurchargeXML=...&CardType=...&CardNumber=...&ExpiryDate=...&CV2=...&CardHolder=...&AccountType=...
[2015-04-16 06:50:55] :: Response:
{"VPSProtocol":"VPSProtocol=3.00","Status":"Status=3DAUTH","StatusDetail":"StatusDetail=2007 : Please redirect your customer to the ACSURL, passing the MD and PaReq.","3DSecureStatus":"...","MD":"...","ACSURL":"...","PAReq":"..."}
[2015-04-16 06:51:13] :: Request:
VPSProtocol=3.00&TxType=PAYMENT&Vendor=thehutch&VendorTxCode=thehutch-PAYMENT-73271260-316030832&Amount=123.00&Currency=GBP&Description=abcxyz&BillingSurname=...&BillingFirstnames=...&BillingAddress1=...&BillingCity=...&BillingPostCode=...&BillingCountry=...&DeliverySurname=...&DeliveryFirstnames=...&DeliveryAddress1=...&DeliveryCity=...&DeliveryPostCode=...&DeliveryCountry=...&CustomerName=...&CustomerEMail=...&VendorEMail=...&SendEMail=...&eMailMessage=...&BillingAddress2=...&BillingPhone=...&ApplyAVSCV2=...&Apply3DSecure=...&AllowGiftAid=...&BillingAgreement=...&DeliveryAddress2=...&DeliveryPhone=...&BasketXML=...&SurchargeXML=...&CardType=...&CardNumber=...&ExpiryDate=...&CV2=...&CardHolder=...&AccountType=...
[2015-04-16 06:51:13] :: Response:
{"VPSProtocol":"VPSProtocol=3.00","Status":"Status=3DAUTH","StatusDetail":"StatusDetail=2007 : Please redirect your customer to the ACSURL, passing the MD and PaReq.","3DSecureStatus":"...","MD":"...","ACSURL":"...","PAReq":"..."}
[2015-04-16 06:51:17] :: Request:
VPSProtocol=3.00&TxType=PAYMENT&Vendor=thehutch&VendorTxCode=thehutch-PAYMENT-82555636-82381303&Amount=123.00&Currency=GBP&Description=abcxyz&BillingSurname=...&BillingFirstnames=...&BillingAddress1=...&BillingCity=...&BillingPostCode=...&BillingCountry=...&DeliverySurname=...&DeliveryFirstnames=...&DeliveryAddress1=...&DeliveryCity=...&DeliveryPostCode=...&DeliveryCountry=...&CustomerName=...&CustomerEMail=...&VendorEMail=...&SendEMail=...&eMailMessage=...&BillingAddress2=...&BillingPhone=...&ApplyAVSCV2=...&Apply3DSecure=...&AllowGiftAid=...&BillingAgreement=...&DeliveryAddress2=...&DeliveryPhone=...&BasketXML=...&SurchargeXML=...&CardType=...&CardNumber=...&ExpiryDate=...&CV2=...&CardHolder=...&AccountType=...
[2015-04-16 06:51:17] :: Response:
{"VPSProtocol":"VPSProtocol=3.00","Status":"Status=3DAUTH","StatusDetail":"StatusDetail=2007 : Please redirect your customer to the ACSURL, passing the MD and PaReq.","3DSecureStatus":"...","MD":"...","ACSURL":"...","PAReq":"..."}
[2015-04-16 06:51:18] :: Request:
VPSProtocol=3.00&TxType=PAYMENT&Vendor=thehutch&VendorTxCode=thehutch-PAYMENT-72817337-359345561&Amount=123.00&Currency=GBP&Description=abcxyz&BillingSurname=...&BillingFirstnames=...&BillingAddress1=...&BillingCity=...&BillingPostCode=...&BillingCountry=...&DeliverySurname=...&DeliveryFirstnames=...&DeliveryAddress1=...&DeliveryCity=...&DeliveryPostCode=...&DeliveryCountry=...&CustomerName=...&CustomerEMail=...&VendorEMail=...&SendEMail=...&eMailMessage=...&BillingAddress2=...&BillingPhone=...&ApplyAVSCV2=...&Apply3DSecure=...&AllowGiftAid=...&BillingAgreement=...&DeliveryAddress2=...&DeliveryPhone=...&BasketXML=...&SurchargeXML=...&CardType=...&CardNumber=...&ExpiryDate=...&CV2=...&CardHolder=...&AccountType=...
[2015-04-16 06:51:18] :: Response:
{"VPSProtocol":"VPSProtocol=3.00","Status":"Status=3DAUTH","StatusDetail":"StatusDetail=2007 : Please redirect your customer to the ACSURL, passing the MD and PaReq.","3DSecureStatus":"...","MD":"...","ACSURL":"...","PAReq":"..."}
[2015-04-16 06:52:51] :: Request:
VPSProtocol=3.00&TxType=PAYMENT&Vendor=thehutch&VendorTxCode=thehutch-PAYMENT-16913741-22912868&Amount=123.00&Currency=GBP&Description=abcxyz&BillingSurname=...&BillingFirstnames=...&BillingAddress1=...&BillingCity=...&BillingPostCode=...&BillingCountry=...&DeliverySurname=...&DeliveryFirstnames=...&DeliveryAddress1=...&DeliveryCity=...&DeliveryPostCode=...&DeliveryCountry=...&CustomerName=...&CustomerEMail=...&VendorEMail=...&SendEMail=...&eMailMessage=...&BillingAddress2=...&BillingPhone=...&ApplyAVSCV2=...&Apply3DSecure=...&AllowGiftAid=...&BillingAgreement=...&DeliveryAddress2=...&DeliveryPhone=...&BasketXML=...&SurchargeXML=...&CardType=...&CardNumber=...&ExpiryDate=...&CV2=...&CardHolder=...&AccountType=...
[2015-04-16 06:52:51] :: Response:
{"VPSProtocol":"VPSProtocol=3.00","Status":"Status=3DAUTH","StatusDetail":"StatusDetail=2007 : Please redirect your customer to the ACSURL, passing the MD and PaReq.","3DSecureStatus":"...","MD":"...","ACSURL":"...","PAReq":"..."}
[2015-04-16 06:52:52] :: Request:
VPSProtocol=3.00&TxType=PAYMENT&Vendor=thehutch&VendorTxCode=thehutch-PAYMENT-45340659-94128071&Amount=123.00&Currency=GBP&Description=abcxyz&BillingSurname=...&BillingFirstnames=...&BillingAddress1=...&BillingCity=...&BillingPostCode=...&BillingCountry=...&DeliverySurname=...&DeliveryFirstnames=...&DeliveryAddress1=...&DeliveryCity=...&DeliveryPostCode=...&DeliveryCountry=...&CustomerName=...&CustomerEMail=...&VendorEMail=...&SendEMail=...&eMailMessage=...&BillingAddress2=...&BillingPhone=...&ApplyAVSCV2=...&Apply3DSecure=...&AllowGiftAid=...&BillingAgreement=...&DeliveryAddress2=...&DeliveryPhone=...&BasketXML=...&SurchargeXML=...&CardType=...&CardNumber=...&ExpiryDate=...&CV2=...&CardHolder=...&AccountType=...
[2015-04-16 06:52:52] :: Response:
{"VPSProtocol":"VPSProtocol=3.00","Status":"Status=3DAUTH","StatusDetail":"StatusDetail=2007 : Please redirect your customer to the ACSURL, passing the MD and PaReq.","3DSecureStatus":"...","MD":"...","ACSURL":"...","PAReq":"..."}
[2015-04-16 06:53:28] :: Request:
VPSProtocol=3.00&TxType=PAYMENT&Vendor=thehutch&VendorTxCode=thehutch-PAYMENT-52936729-669760742&Amount=123.00&Currency=GBP&Description=abcxyz&BillingSurname=...&BillingFirstnames=...&BillingAddress1=...&BillingCity=...&BillingPostCode=...&BillingCountry=...&DeliverySurname=...&DeliveryFirstnames=...&DeliveryAddress1=...&DeliveryCity=...&DeliveryPostCode=...&DeliveryCountry=...&CustomerName=...&CustomerEMail=...&VendorEMail=...&SendEMail=...&eMailMessage=...&BillingAddress2=...&BillingPhone=...&ApplyAVSCV2=...&Apply3DSecure=...&AllowGiftAid=...&BillingAgreement=...&DeliveryAddress2=...&DeliveryPhone=...&BasketXML=...&SurchargeXML=...&CardType=...&CardNumber=...&ExpiryDate=...&CV2=...&CardHolder=...&AccountType=...
[2015-04-16 06:53:28] :: Response:
{"VPSProtocol":"VPSProtocol=3.00","Status":"Status=3DAUTH","StatusDetail":"StatusDetail=2007 : Please redirect your customer to the ACSURL, passing the MD and PaReq.","3DSecureStatus":"...","MD":"...","ACSURL":"...","PAReq":"..."}
[2015-04-16 06:53:32] :: Request:
VPSProtocol=3.00&TxType=PAYMENT&Vendor=thehutch&VendorTxCode=thehutch-PAYMENT-29668545-563465626&Amount=123.00&Currency=GBP&Description=abcxyz&BillingSurname=...&BillingFirstnames=...&BillingAddress1=...&BillingCity=...&BillingPostCode=...&BillingCountry=...&DeliverySurname=...&DeliveryFirstnames=...&DeliveryAddress1=...&DeliveryCity=...&DeliveryPostCode=...&DeliveryCountry=...&CustomerName=...&CustomerEMail=...&VendorEMail=...&SendEMail=...&eMailMessage=...&BillingAddress2=...&BillingPhone=...&ApplyAVSCV2=...&Apply3DSecure=...&AllowGiftAid=...&BillingAgreement=...&DeliveryAddress2=...&DeliveryPhone=...&BasketXML=...&SurchargeXML=...&CardType=...&CardNumber=...&ExpiryDate=...&CV2=...&CardHolder=...&AccountType=...
[2015-04-16 06:53:32] :: Response:
{"VPSProtocol":"VPSProtocol=3.00","Status":"Status=3DAUTH","StatusDetail":"StatusDetail=2007 : Please redirect your customer to the ACSURL, passing the MD and PaReq.","3DSecureStatus":"...","MD":"...","ACSURL":"...","PAReq":"..."}
[2015-04-16 06:54:44] :: Request:
VPSProtocol=3.00&TxType=PAYMENT&Vendor=thehutch&VendorTxCode=thehutch-PAYMENT-24724390-898509601&Amount=123.00&Currency=GBP&Description=abcxyz&BillingSurname=...&BillingFirstnames=...&BillingAddress1=...&BillingCity=...&BillingPostCode=...&BillingCountry=...&DeliverySurname=...&DeliveryFirstnames=...&DeliveryAddress1=...&DeliveryCity=...&DeliveryPostCode=...&DeliveryCountry=...&CustomerName=...&CustomerEMail=...&VendorEMail=...&SendEMail=...&eMailMessage=...&BillingAddress2=...&BillingPhone=...&ApplyAVSCV2=...&Apply3DSecure=...&AllowGiftAid=...&BillingAgreement=...&DeliveryAddress2=...&DeliveryPhone=...&BasketXML=...&SurchargeXML=...&CardType=...&CardNumber=...&ExpiryDate=...&CV2=...&CardHolder=...&AccountType=...
[2015-04-16 06:54:44] :: Response:
{"VPSProtocol":"VPSProtocol=3.00","Status":"Status=3DAUTH","StatusDetail":"StatusDetail=2007 : Please redirect your customer to the ACSURL, passing the MD and PaReq.","3DSecureStatus":"...","MD":"...","ACSURL":"...","PAReq":"..."}
[2015-04-16 06:56:12] :: Request:
VPSProtocol=3.00&TxType=PAYMENT&Vendor=thehutch&VendorTxCode=thehutch-PAYMENT-60579088-432039582&Amount=123.00&Currency=GBP&Description=abcxyz&BillingSurname=...&BillingFirstnames=...&BillingAddress1=...&BillingCity=...&BillingPostCode=...&BillingCountry=...&DeliverySurname=...&DeliveryFirstnames=...&DeliveryAddress1=...&DeliveryCity=...&DeliveryPostCode=...&DeliveryCountry=...&CustomerName=...&CustomerEMail=...&VendorEMail=...&SendEMail=...&eMailMessage=...&BillingAddress2=...&BillingPhone=...&ApplyAVSCV2=...&Apply3DSecure=...&AllowGiftAid=...&BillingAgreement=...&DeliveryAddress2=...&DeliveryPhone=...&BasketXML=...&SurchargeXML=...&CardType=...&CardNumber=...&ExpiryDate=...&CV2=...&CardHolder=...&AccountType=...
[2015-04-16 06:56:12] :: Response:
{"VPSProtocol":"VPSProtocol=3.00","Status":"Status=3DAUTH","StatusDetail":"StatusDetail=2007 : Please redirect your customer to the ACSURL, passing the MD and PaReq.","3DSecureStatus":"...","MD":"...","ACSURL":"...","PAReq":"..."}
[2015-04-16 06:57:05] :: Request:
VPSProtocol=3.00&TxType=PAYMENT&Vendor=thehutch&VendorTxCode=thehutch-PAYMENT-36552553-119676475&Amount=123.00&Currency=GBP&Description=abcxyz&BillingSurname=...&BillingFirstnames=...&BillingAddress1=...&BillingCity=...&BillingPostCode=...&BillingCountry=...&DeliverySurname=...&DeliveryFirstnames=...&DeliveryAddress1=...&DeliveryCity=...&DeliveryPostCode=...&DeliveryCountry=...&CustomerName=...&CustomerEMail=...&VendorEMail=...&SendEMail=...&eMailMessage=...&BillingAddress2=...&BillingPhone=...&ApplyAVSCV2=...&Apply3DSecure=...&AllowGiftAid=...&BillingAgreement=...&DeliveryAddress2=...&DeliveryPhone=...&BasketXML=...&SurchargeXML=...&CardType=...&CardNumber=...&ExpiryDate=...&CV2=...&CardHolder=...&AccountType=...
[2015-04-16 06:57:05] :: Response:
{"VPSProtocol":"VPSProtocol=3.00","Status":"Status=3DAUTH","StatusDetail":"StatusDetail=2007 : Please redirect your customer to the ACSURL, passing the MD and PaReq.","3DSecureStatus":"...","MD":"...","ACSURL":"...","PAReq":"..."}
[2015-04-16 07:11:22] :: Request:
PaRes=...&MD=...&MDX=...
[2015-04-16 07:11:22] :: Response:
{"VPSProtocol":"VPSProtocol=3.00","Status":"Status=INVALID","StatusDetail":"StatusDetail=4027 : 3D-Authentication failed. Cannot authorise this card."}
[2015-04-16 07:11:40] :: Request:
VPSProtocol=3.00&TxType=PAYMENT&Vendor=thehutch&VendorTxCode=thehutch-PAYMENT-40103903-259010195&Amount=123.00&Currency=GBP&Description=abcxyz&BillingSurname=...&BillingFirstnames=...&BillingAddress1=...&BillingCity=...&BillingPostCode=...&BillingCountry=...&DeliverySurname=...&DeliveryFirstnames=...&DeliveryAddress1=...&DeliveryCity=...&DeliveryPostCode=...&DeliveryCountry=...&CustomerName=...&CustomerEMail=...&VendorEMail=...&SendEMail=...&eMailMessage=...&BillingAddress2=...&BillingPhone=...&ApplyAVSCV2=...&Apply3DSecure=...&AllowGiftAid=...&BillingAgreement=...&DeliveryAddress2=...&DeliveryPhone=...&BasketXML=...&SurchargeXML=...&CardType=...&CardNumber=...&ExpiryDate=...&CV2=...&CardHolder=...&AccountType=...
[2015-04-16 07:11:40] :: Response:
{"VPSProtocol":"VPSProtocol=3.00","Status":"Status=3DAUTH","StatusDetail":"StatusDetail=2007 : Please redirect your customer to the ACSURL, passing the MD and PaReq.","3DSecureStatus":"...","MD":"...","ACSURL":"...","PAReq":"..."}
[2015-04-16 07:11:58] :: Request:
VPSProtocol=3.00&TxType=PAYMENT&Vendor=thehutch&VendorTxCode=thehutch-PAYMENT-65266428-154510752&Amount=123.00&Currency=GBP&Description=abcxyz&BillingSurname=...&BillingFirstnames=...&BillingAddress1=...&BillingCity=...&BillingPostCode=...&BillingCountry=...&DeliverySurname=...&DeliveryFirstnames=...&DeliveryAddress1=...&DeliveryCity=...&DeliveryPostCode=...&DeliveryCountry=...&CustomerName=...&CustomerEMail=...&VendorEMail=...&SendEMail=...&eMailMessage=...&BillingAddress2=...&BillingPhone=...&ApplyAVSCV2=...&Apply3DSecure=...&AllowGiftAid=...&BillingAgreement=...&DeliveryAddress2=...&DeliveryPhone=...&BasketXML=...&SurchargeXML=...&CardType=...&CardNumber=...&ExpiryDate=...&CV2=...&CardHolder=...&AccountType=...
[2015-04-16 07:11:58] :: Response:
{"VPSProtocol":"VPSProtocol=3.00","Status":"Status=3DAUTH","StatusDetail":"StatusDetail=2007 : Please redirect your customer to the ACSURL, passing the MD and PaReq.","3DSecureStatus":"...","MD":"...","ACSURL":"...","PAReq":"..."}
[2015-04-16 07:12:20] :: Request:
VPSProtocol=3.00&TxType=PAYMENT&Vendor=thehutch&VendorTxCode=thehutch-PAYMENT-22708016-847714845&Amount=123.00&Currency=GBP&Description=abcxyz&BillingSurname=...&BillingFirstnames=...&BillingAddress1=...&BillingCity=...&BillingPostCode=...&BillingCountry=...&DeliverySurname=...&DeliveryFirstnames=...&DeliveryAddress1=...&DeliveryCity=...&DeliveryPostCode=...&DeliveryCountry=...&CustomerName=...&CustomerEMail=...&VendorEMail=...&SendEMail=...&eMailMessage=...&BillingAddress2=...&BillingPhone=...&ApplyAVSCV2=...&Apply3DSecure=...&AllowGiftAid=...&BillingAgreement=...&DeliveryAddress2=...&DeliveryPhone=...&BasketXML=...&SurchargeXML=...&CardType=...&CardNumber=...&ExpiryDate=...&CV2=...&CardHolder=...&AccountType=...
[2015-04-16 07:12:20] :: Response:
{"VPSProtocol":"VPSProtocol=3.00","Status":"Status=3DAUTH","StatusDetail":"StatusDetail=2007 : Please redirect your customer to the ACSURL, passing the MD and PaReq.","3DSecureStatus":"...","MD":"...","ACSURL":"...","PAReq":"..."}
[2015-04-16 07:12:33] :: Request:
PaRes=...&MD=...&MDX=...
[2015-04-16 07:12:33] :: Response:
{"VPSProtocol":"VPSProtocol=3.00","Status":"Status=INVALID","StatusDetail":"StatusDetail=4027 : 3D-Authentication failed. Cannot authorise this card."}
[2015-04-16 07:14:29] :: Request:
VPSProtocol=3.00&TxType=PAYMENT&Vendor=thehutch&VendorTxCode=thehutch-PAYMENT-3911807-246142420&Amount=123.00&Currency=GBP&Description=abcxyz&BillingSurname=...&BillingFirstnames=...&BillingAddress1=...&BillingCity=...&BillingPostCode=...&BillingCountry=...&DeliverySurname=...&DeliveryFirstnames=...&DeliveryAddress1=...&DeliveryCity=...&DeliveryPostCode=...&DeliveryCountry=...&CustomerName=...&CustomerEMail=...&VendorEMail=...&SendEMail=...&eMailMessage=...&BillingAddress2=...&BillingPhone=...&ApplyAVSCV2=...&Apply3DSecure=...&AllowGiftAid=...&BillingAgreement=...&DeliveryAddress2=...&DeliveryPhone=...&BasketXML=...&SurchargeXML=...&CardType=...&CardNumber=...&ExpiryDate=...&CV2=...&CardHolder=...&AccountType=...
[2015-04-16 07:14:29] :: Response:
{"VPSProtocol":"VPSProtocol=3.00","Status":"Status=3DAUTH","StatusDetail":"StatusDetail=2007 : Please redirect your customer to the ACSURL, passing the MD and PaReq.","3DSecureStatus":"...","MD":"...","ACSURL":"...","PAReq":"..."}
[2015-04-16 07:14:41] :: Request:
PaRes=...&MD=...&MDX=...
[2015-04-16 07:14:41] :: Response:
{"VPSProtocol":"VPSProtocol=3.00","Status":"Status=INVALID","StatusDetail":"StatusDetail=4027 : 3D-Authentication failed. Cannot authorise this card."}
[2015-04-16 07:20:21] :: Request:
MD=...&PARes=...
[2015-04-16 07:20:21] :: Response:
{"VPSProtocol":"VPSProtocol=2.23","Status":"Status=INVALID","StatusDetail":"StatusDetail=5036 : transaction not found"}
[2015-04-16 07:20:30] :: Request:
VPSProtocol=3.00&TxType=PAYMENT&Vendor=thehutch&VendorTxCode=thehutch-PAYMENT-93366662-258589871&Amount=123.00&Currency=GBP&Description=abcxyz&BillingSurname=...&BillingFirstnames=...&BillingAddress1=...&BillingCity=...&BillingPostCode=...&BillingCountry=...&DeliverySurname=...&DeliveryFirstnames=...&DeliveryAddress1=...&DeliveryCity=...&DeliveryPostCode=...&DeliveryCountry=...&CustomerName=...&CustomerEMail=...&VendorEMail=...&SendEMail=...&eMailMessage=...&BillingAddress2=...&BillingPhone=...&ApplyAVSCV2=...&Apply3DSecure=...&AllowGiftAid=...&BillingAgreement=...&DeliveryAddress2=...&DeliveryPhone=...&BasketXML=...&SurchargeXML=...&CardType=...&CardNumber=...&ExpiryDate=...&CV2=...&CardHolder=...&AccountType=...
[2015-04-16 07:20:30] :: Response:
{"VPSProtocol":"VPSProtocol=3.00","Status":"Status=3DAUTH","StatusDetail":"StatusDetail=2007 : Please redirect your customer to the ACSURL, passing the MD and PaReq.","3DSecureStatus":"...","MD":"...","ACSURL":"...","PAReq":"..."}
[2015-04-16 07:20:39] :: Request:
MD=...&PARes=...
[2015-04-16 07:20:39] :: Response:
{"VPSProtocol":"VPSProtocol=3.00","Status":"Status=INVALID","StatusDetail":"StatusDetail=4027 : 3D-Authentication failed. Cannot authorise this card."}
[2015-04-16 07:22:14] :: Request:
VPSProtocol=3.00&TxType=PAYMENT&Vendor=thehutch&VendorTxCode=thehutch-PAYMENT-85057223-123444867&Amount=123.00&Currency=GBP&Description=abcxyz&BillingSurname=...&BillingFirstnames=...&BillingAddress1=...&BillingCity=...&BillingPostCode=...&BillingCountry=...&DeliverySurname=...&DeliveryFirstnames=...&DeliveryAddress1=...&DeliveryCity=...&DeliveryPostCode=...&DeliveryCountry=...&CustomerName=...&CustomerEMail=...&VendorEMail=...&SendEMail=...&eMailMessage=...&BillingAddress2=...&BillingPhone=...&ApplyAVSCV2=...&Apply3DSecure=...&AllowGiftAid=...&BillingAgreement=...&DeliveryAddress2=...&DeliveryPhone=...&BasketXML=...&SurchargeXML=...&CardType=...&CardNumber=...&ExpiryDate=...&CV2=...&CardHolder=...&AccountType=...
[2015-04-16 07:22:14] :: Response:
{"VPSProtocol":"VPSProtocol=3.00","Status":"Status=3DAUTH","StatusDetail":"StatusDetail=2007 : Please redirect your customer to the ACSURL, passing the MD and PaReq.","3DSecureStatus":"...","MD":"...","ACSURL":"...","PAReq":"..."}
[2015-04-16 07:22:23] :: Request:
PaRes=...&MD=...&MDX=...
[2015-04-16 07:22:23] :: Response:
{"VPSProtocol":"VPSProtocol=3.00","Status":"Status=INVALID","StatusDetail":"StatusDetail=4027 : 3D-Authentication failed. Cannot authorise this card."}
[2015-04-16 07:26:52] :: Request:
VPSProtocol=3.00&TxType=PAYMENT&Vendor=thehutch&VendorTxCode=thehutch-PAYMENT-92289012-116360671&Amount=123.00&Currency=GBP&Description=abcxyz&BillingSurname=...&BillingFirstnames=...&BillingAddress1=...&BillingCity=...&BillingPostCode=...&BillingCountry=...&DeliverySurname=...&DeliveryFirstnames=...&DeliveryAddress1=...&DeliveryCity=...&DeliveryPostCode=...&DeliveryCountry=...&CustomerName=...&CustomerEMail=...&VendorEMail=...&SendEMail=...&eMailMessage=...&BillingAddress2=...&BillingPhone=...&ApplyAVSCV2=...&Apply3DSecure=...&AllowGiftAid=...&BillingAgreement=...&DeliveryAddress2=...&DeliveryPhone=...&BasketXML=...&SurchargeXML=...&CardType=...&CardNumber=...&ExpiryDate=...&CV2=...&CardHolder=...&AccountType=...
[2015-04-16 07:26:52] :: Response:
{"VPSProtocol":"VPSProtocol=3.00","Status":"Status=3DAUTH","StatusDetail":"StatusDetail=2007 : Please redirect your customer to the ACSURL, passing the MD and PaReq.","3DSecureStatus":"...","MD":"...","ACSURL":"...","PAReq":"..."}
[2015-04-16 07:27:06] :: Request:
PaRes=...&MD=...&MDX=...
[2015-04-16 07:27:06] :: Response:
{"VPSProtocol":"VPSProtocol=3.00","Status":"Status=OK","StatusDetail":"StatusDetail=0000 : The Authorisation was Successful.","VPSTxId":"VPSTxId={D61AD0F7-B032-9C09-2D4F-2E769E17428A}","SecurityKey":"...","TxAuthNo":"...","AVSCV2":"...","AddressResult":"...","PostCodeResult":"...","CV2Result":"...","3DSecureStatus":"...","DeclineCode":"...","ExpiryDate":"...","BankAuthCode":"..."}
[2015-04-16 07:29:24] :: Request:
VPSProtocol=3.00&TxType=PAYMENT&Vendor=thehutch&VendorTxCode=thehutch-PAYMENT-80563329-301554388&Amount=123.00&Currency=GBP&Description=abcxyz&BillingSurname=...&BillingFirstnames=...&BillingAddress1=...&BillingCity=...&BillingPostCode=...&BillingCountry=...&DeliverySurname=...&DeliveryFirstnames=...&DeliveryAddress1=...&DeliveryCity=...&DeliveryPostCode=...&DeliveryCountry=...&CustomerName=...&CustomerEMail=...&VendorEMail=...&SendEMail=...&eMailMessage=...&BillingAddress2=...&BillingPhone=...&ApplyAVSCV2=...&Apply3DSecure=...&AllowGiftAid=...&BillingAgreement=...&DeliveryAddress2=...&DeliveryPhone=...&BasketXML=...&SurchargeXML=...&CardType=...&CardNumber=...&ExpiryDate=...&CV2=...&CardHolder=...&AccountType=...
[2015-04-16 07:29:24] :: Response:
{"VPSProtocol":"VPSProtocol=3.00","Status":"Status=3DAUTH","StatusDetail":"StatusDetail=2007 : Please redirect your customer to the ACSURL, passing the MD and PaReq.","3DSecureStatus":"...","MD":"...","ACSURL":"...","PAReq":"..."}
[2015-04-16 07:29:41] :: Request:
PaRes=...&MD=...&MDX=...
[2015-04-16 07:29:41] :: Response:
{"VPSProtocol":"VPSProtocol=3.00","Status":"Status=OK","StatusDetail":"StatusDetail=0000 : The Authorisation was Successful.","VPSTxId":"VPSTxId={F867FB73-1F49-AA4C-4EE4-942461F75443}","SecurityKey":"...","TxAuthNo":"...","AVSCV2":"...","AddressResult":"...","PostCodeResult":"...","CV2Result":"...","3DSecureStatus":"...","DeclineCode":"...","ExpiryDate":"...","BankAuthCode":"..."}
[2015-04-17 15:43:07] :: Request:
VPSProtocol=3.00&TxType=PAYMENT&Vendor=thehutch&VendorTxCode=thehutch-PAYMENT-54815552-966929317&Amount=123.00&Currency=GBP&Description=abcxyz&BillingSurname=...&BillingFirstnames=...&BillingAddress1=...&BillingCity=...&BillingPostCode=...&BillingCountry=...&DeliverySurname=...&DeliveryFirstnames=...&DeliveryAddress1=...&DeliveryCity=...&DeliveryPostCode=...&DeliveryCountry=...&CustomerName=...&CustomerEMail=...&VendorEMail=...&SendEMail=...&eMailMessage=...&BillingAddress2=...&BillingPhone=...&ApplyAVSCV2=...&Apply3DSecure=...&AllowGiftAid=...&BillingAgreement=...&DeliveryAddress2=...&DeliveryPhone=...&BasketXML=...&SurchargeXML=...&CardType=...&CardNumber=...&ExpiryDate=...&CV2=...&CardHolder=...&AccountType=...
[2015-04-17 15:43:07] :: Response:
{"VPSProtocol":"VPSProtocol=3.00","Status":"Status=3DAUTH","StatusDetail":"StatusDetail=2007 : Please redirect your customer to the ACSURL, passing the MD and PaReq.","3DSecureStatus":"...","MD":"...","ACSURL":"...","PAReq":"..."}
[2015-04-17 15:43:16] :: Request:
PaRes=...&MD=...&MDX=...
[2015-04-17 15:43:16] :: Response:
{"VPSProtocol":"VPSProtocol=3.00","Status":"Status=OK","StatusDetail":"StatusDetail=0000 : The Authorisation was Successful.","VPSTxId":"VPSTxId={4B43EE16-1F3B-50B6-986F-C0CD48E700AC}","SecurityKey":"...","TxAuthNo":"...","AVSCV2":"...","AddressResult":"...","PostCodeResult":"...","CV2Result":"...","CAVV":"...","3DSecureStatus":"...","DeclineCode":"...","ExpiryDate":"...","BankAuthCode":"..."}
[2015-04-17 15:44:56] :: Request:
PaRes=...&MD=...&MDX=...
[2015-04-17 15:44:56] :: Response:
{"VPSProtocol":"VPSProtocol=2.23","Status":"Status=INVALID","StatusDetail":"StatusDetail=5036 : transaction not found"}
[2015-04-17 15:45:19] :: Request:
VPSProtocol=3.00&TxType=PAYMENT&Vendor=thehutch&VendorTxCode=thehutch-PAYMENT-70021248-657204528&Amount=123.00&Currency=GBP&Description=abcxyz&BillingSurname=...&BillingFirstnames=...&BillingAddress1=...&BillingCity=...&BillingPostCode=...&BillingCountry=...&DeliverySurname=...&DeliveryFirstnames=...&DeliveryAddress1=...&DeliveryCity=...&DeliveryPostCode=...&DeliveryCountry=...&CustomerName=...&CustomerEMail=...&VendorEMail=...&SendEMail=...&eMailMessage=...&BillingAddress2=...&BillingPhone=...&ApplyAVSCV2=...&Apply3DSecure=...&AllowGiftAid=...&BillingAgreement=...&DeliveryAddress2=...&DeliveryPhone=...&BasketXML=...&SurchargeXML=...&CardType=...&CardNumber=...&ExpiryDate=...&CV2=...&CardHolder=...&AccountType=...
[2015-04-17 15:45:19] :: Response:
{"VPSProtocol":"VPSProtocol=3.00","Status":"Status=OK","StatusDetail":"StatusDetail=0000 : The Authorisation was Successful.","VPSTxId":"VPSTxId={B23A224C-BD7F-732B-C4DD-97175EF88913}","SecurityKey":"...","TxAuthNo":"...","AVSCV2":"...","AddressResult":"...","PostCodeResult":"...","CV2Result":"...","3DSecureStatus":"...","DeclineCode":"...","ExpiryDate":"...","BankAuthCode":"...","Surcharge":"..."}
[2015-04-17 15:45:39] :: Request:
VPSProtocol=3.00&TxType=PAYMENT&Vendor=thehutch&VendorTxCode=thehutch-PAYMENT-9674393-465326093&Amount=123.00&Currency=GBP&Description=abcxyz&BillingSurname=...&BillingFirstnames=...&BillingAddress1=...&BillingCity=...&BillingPostCode=...&BillingCountry=...&DeliverySurname=...&DeliveryFirstnames=...&DeliveryAddress1=...&DeliveryCity=...&DeliveryPostCode=...&DeliveryCountry=...&CustomerName=...&CustomerEMail=...&VendorEMail=...&SendEMail=...&eMailMessage=...&BillingAddress2=...&BillingPhone=...&ApplyAVSCV2=...&Apply3DSecure=...&AllowGiftAid=...&BillingAgreement=...&DeliveryAddress2=...&DeliveryPhone=...&BasketXML=...&SurchargeXML=...&CardType=...&CardNumber=...&ExpiryDate=...&CV2=...&CardHolder=...&AccountType=...
[2015-04-17 15:45:39] :: Response:
{"VPSProtocol":"VPSProtocol=3.00","Status":"Status=3DAUTH","StatusDetail":"StatusDetail=2007 : Please redirect your customer to the ACSURL, passing the MD and PaReq.","3DSecureStatus":"...","MD":"...","ACSURL":"...","PAReq":"..."}
[2015-04-20 09:59:49] :: Request:
VPSProtocol=3.00&TxType=PAYMENT&Vendor=thehutch&VendorTxCode=thehutch-PAYMENT-15112939-155035663&Amount=123.00&Currency=GBP&Description=abcxyz&BillingSurname=...&BillingFirstnames=...&BillingAddress1=...&BillingCity=...&BillingPostCode=...&BillingCountry=...&DeliverySurname=...&DeliveryFirstnames=...&DeliveryAddress1=...&DeliveryCity=...&DeliveryPostCode=...&DeliveryCountry=...&CustomerName=...&CustomerEMail=...&VendorEMail=...&SendEMail=...&eMailMessage=...&BillingAddress2=...&BillingPhone=...&ApplyAVSCV2=...&Apply3DSecure=...&AllowGiftAid=...&BillingAgreement=...&DeliveryAddress2=...&DeliveryPhone=...&BasketXML=...&SurchargeXML=...&CardType=...&CardNumber=...&ExpiryDate=...&CV2=...&CardHolder=...&AccountType=...
[2015-04-20 09:59:49] :: Response:
{"VPSProtocol":"VPSProtocol=3.00","Status":"Status=3DAUTH","StatusDetail":"StatusDetail=2007 : Please redirect your customer to the ACSURL, passing the MD and PaReq.","3DSecureStatus":"...","MD":"...","ACSURL":"...","PAReq":"..."}
[2015-04-20 10:00:04] :: Request:
VPSProtocol=3.00&TxType=PAYMENT&Vendor=thehutch&VendorTxCode=thehutch-PAYMENT-5509406-732913065&Amount=123.00&Currency=GBP&Description=abcxyz&BillingSurname=...&BillingFirstnames=...&BillingAddress1=...&BillingCity=...&BillingPostCode=...&BillingCountry=...&DeliverySurname=...&DeliveryFirstnames=...&DeliveryAddress1=...&DeliveryCity=...&DeliveryPostCode=...&DeliveryCountry=...&CustomerName=...&CustomerEMail=...&VendorEMail=...&SendEMail=...&eMailMessage=...&BillingAddress2=...&BillingPhone=...&ApplyAVSCV2=...&Apply3DSecure=...&AllowGiftAid=...&BillingAgreement=...&DeliveryAddress2=...&DeliveryPhone=...&BasketXML=...&SurchargeXML=...&CardType=...&CardNumber=...&ExpiryDate=...&CV2=...&CardHolder=...&AccountType=...
[2015-04-20 10:00:04] :: Response:
{"VPSProtocol":"VPSProtocol=3.00","Status":"Status=3DAUTH","StatusDetail":"StatusDetail=2007 : Please redirect your customer to the ACSURL, passing the MD and PaReq.","3DSecureStatus":"...","MD":"...","ACSURL":"...","PAReq":"..."}
[2015-04-20 10:19:11] :: Request:
VPSProtocol=3.00&TxType=PAYMENT&Vendor=thehutch&VendorTxCode=thehutch-PAYMENT-33131556-255416297&Amount=123.00&Currency=GBP&Description=abcxyz&BillingSurname=...&BillingFirstnames=...&BillingAddress1=...&BillingCity=...&BillingPostCode=...&BillingCountry=...&DeliverySurname=...&DeliveryFirstnames=...&DeliveryAddress1=...&DeliveryCity=...&DeliveryPostCode=...&DeliveryCountry=...&CustomerName=...&CustomerEMail=...&VendorEMail=...&SendEMail=...&eMailMessage=...&BillingAddress2=...&BillingPhone=...&ApplyAVSCV2=...&Apply3DSecure=...&AllowGiftAid=...&BillingAgreement=...&DeliveryAddress2=...&DeliveryPhone=...&BasketXML=...&SurchargeXML=...&CardType=...&CardNumber=...&ExpiryDate=...&CV2=...&CardHolder=...&AccountType=...
[2015-04-20 10:19:11] :: Response:
{"VPSProtocol":"VPSProtocol=3.00","Status":"Status=3DAUTH","StatusDetail":"StatusDetail=2007 : Please redirect your customer to the ACSURL, passing the MD and PaReq.","3DSecureStatus":"...","MD":"...","ACSURL":"...","PAReq":"..."}
[2015-04-20 10:22:16] :: Request:
VPSProtocol=3.00&TxType=PAYMENT&Vendor=thehutch&VendorTxCode=thehutch-PAYMENT-45572974-498364690&Amount=133.00&Currency=GBP&Description=abcxyz&BillingSurname=...&BillingFirstnames=...&BillingAddress1=...&BillingCity=...&BillingPostCode=...&BillingCountry=...&DeliverySurname=...&DeliveryFirstnames=...&DeliveryAddress1=...&DeliveryCity=...&DeliveryPostCode=...&DeliveryCountry=...&CustomerName=...&CustomerEMail=...&VendorEMail=...&SendEMail=...&eMailMessage=...&BillingAddress2=...&BillingPhone=...&ApplyAVSCV2=...&Apply3DSecure=...&AllowGiftAid=...&BillingAgreement=...&DeliveryAddress2=...&DeliveryPhone=...&BasketXML=...&SurchargeXML=...&CardType=...&CardNumber=...&ExpiryDate=...&CV2=...&CardHolder=...&AccountType=...
[2015-04-20 10:22:16] :: Response:
{"VPSProtocol":"VPSProtocol=3.00","Status":"Status=3DAUTH","StatusDetail":"StatusDetail=2007 : Please redirect your customer to the ACSURL, passing the MD and PaReq.","3DSecureStatus":"...","MD":"...","ACSURL":"...","PAReq":"..."}
[2015-04-20 10:22:26] :: Request:
PaRes=...&MD=...&MDX=...
[2015-04-20 10:22:26] :: Response:
{"VPSProtocol":"VPSProtocol=3.00","Status":"Status=OK","StatusDetail":"StatusDetail=0000 : The Authorisation was Successful.","VPSTxId":"VPSTxId={FDBF77B3-9699-A70C-D5CB-6E8E2A6CFEA7}","SecurityKey":"...","TxAuthNo":"...","AVSCV2":"...","AddressResult":"...","PostCodeResult":"...","CV2Result":"...","CAVV":"...","3DSecureStatus":"...","DeclineCode":"...","ExpiryDate":"...","BankAuthCode":"..."}
[2015-04-20 10:36:24] :: Request:
VPSProtocol=3.00&TxType=PAYMENT&Vendor=thehutch&VendorTxCode=thehutch-PAYMENT-11399974-62440102&Amount=133.00&Currency=GBP&Description=abcxyz&BillingSurname=...&BillingFirstnames=...&BillingAddress1=...&BillingCity=...&BillingPostCode=...&BillingCountry=...&DeliverySurname=...&DeliveryFirstnames=...&DeliveryAddress1=...&DeliveryCity=...&DeliveryPostCode=...&DeliveryCountry=...&CustomerName=...&CustomerEMail=...&VendorEMail=...&SendEMail=...&eMailMessage=...&BillingAddress2=...&BillingPhone=...&ApplyAVSCV2=...&Apply3DSecure=...&AllowGiftAid=...&BillingAgreement=...&DeliveryAddress2=...&DeliveryPhone=...&BasketXML=...&SurchargeXML=...&CardType=...&CardNumber=...&ExpiryDate=...&CV2=...&CardHolder=...&AccountType=...
[2015-04-20 10:36:24] :: Response:
{"VPSProtocol":"VPSProtocol=3.00","Status":"Status=3DAUTH","StatusDetail":"StatusDetail=2007 : Please redirect your customer to the ACSURL, passing the MD and PaReq.","3DSecureStatus":"...","MD":"...","ACSURL":"...","PAReq":"..."}
[2015-04-20 10:36:35] :: Request:
VPSProtocol=3.00&TxType=PAYMENT&Vendor=thehutch&VendorTxCode=thehutch-PAYMENT-8279484-825478903&Amount=133.00&Currency=GBP&Description=abcxyz&BillingSurname=...&BillingFirstnames=...&BillingAddress1=...&BillingCity=...&BillingPostCode=...&BillingCountry=...&DeliverySurname=...&DeliveryFirstnames=...&DeliveryAddress1=...&DeliveryCity=...&DeliveryPostCode=...&DeliveryCountry=...&CustomerName=...&CustomerEMail=...&VendorEMail=...&SendEMail=...&eMailMessage=...&BillingAddress2=...&BillingPhone=...&ApplyAVSCV2=...&Apply3DSecure=...&AllowGiftAid=...&BillingAgreement=...&DeliveryAddress2=...&DeliveryPhone=...&BasketXML=...&SurchargeXML=...&CardType=...&CardNumber=...&ExpiryDate=...&CV2=...&CardHolder=...&AccountType=...
[2015-04-20 10:36:35] :: Response:
{"VPSProtocol":"VPSProtocol=3.00","Status":"Status=3DAUTH","StatusDetail":"StatusDetail=2007 : Please redirect your customer to the ACSURL, passing the MD and PaReq.","3DSecureStatus":"...","MD":"...","ACSURL":"...","PAReq":"..."}
[2015-04-20 10:38:26] :: Request:
VPSProtocol=3.00&TxType=PAYMENT&Vendor=thehutch&VendorTxCode=thehutch-PAYMENT-63729135-991152109&Amount=133.00&Currency=GBP&Description=abcxyz&BillingSurname=...&BillingFirstnames=...&BillingAddress1=...&BillingCity=...&BillingPostCode=...&BillingCountry=...&DeliverySurname=...&DeliveryFirstnames=...&DeliveryAddress1=...&DeliveryCity=...&DeliveryPostCode=...&DeliveryCountry=...&CustomerName=...&CustomerEMail=...&VendorEMail=...&SendEMail=...&eMailMessage=...&BillingAddress2=...&BillingPhone=...&ApplyAVSCV2=...&Apply3DSecure=...&AllowGiftAid=...&BillingAgreement=...&DeliveryAddress2=...&DeliveryPhone=...&BasketXML=...&SurchargeXML=...&CardType=...&CardNumber=...&ExpiryDate=...&CV2=...&CardHolder=...&AccountType=...
[2015-04-20 10:38:26] :: Response:
{"VPSProtocol":"VPSProtocol=3.00","Status":"Status=3DAUTH","StatusDetail":"StatusDetail=2007 : Please redirect your customer to the ACSURL, passing the MD and PaReq.","3DSecureStatus":"...","MD":"...","ACSURL":"...","PAReq":"..."}
[2015-04-20 10:45:17] :: Request:
VPSProtocol=3.00&TxType=PAYMENT&Vendor=thehutch&VendorTxCode=thehutch-PAYMENT-25723573-175885711&Amount=133.00&Currency=GBP&Description=abcxyz&BillingSurname=...&BillingFirstnames=...&BillingAddress1=...&BillingCity=...&BillingPostCode=...&BillingCountry=...&DeliverySurname=...&DeliveryFirstnames=...&DeliveryAddress1=...&DeliveryCity=...&DeliveryPostCode=...&DeliveryCountry=...&CustomerName=...&CustomerEMail=...&VendorEMail=...&SendEMail=...&eMailMessage=...&BillingAddress2=...&BillingPhone=...&ApplyAVSCV2=...&Apply3DSecure=...&AllowGiftAid=...&BillingAgreement=...&DeliveryAddress2=...&DeliveryPhone=...&BasketXML=...&SurchargeXML=...&CardType=...&CardNumber=...&ExpiryDate=...&CV2=...&CardHolder=...&AccountType=...
[2015-04-20 10:45:17] :: Response:
{"VPSProtocol":"VPSProtocol=3.00","Status":"Status=INVALID","StatusDetail":"StatusDetail=3021 : The Basket format is invalid."}
[2015-04-20 11:07:11] :: Request:
VPSProtocol=3.00&TxType=PAYMENT&Vendor=thehutch&VendorTxCode=thehutch-PAYMENT-78156273-130473524&Amount=133.00&Currency=GBP&Description=abcxyz&BillingSurname=...&BillingFirstnames=...&BillingAddress1=...&BillingCity=...&BillingPostCode=...&BillingCountry=...&DeliverySurname=...&DeliveryFirstnames=...&DeliveryAddress1=...&DeliveryCity=...&DeliveryPostCode=...&DeliveryCountry=...&CustomerName=...&CustomerEMail=...&VendorEMail=...&SendEMail=...&eMailMessage=...&BillingAddress2=...&BillingPhone=...&ApplyAVSCV2=...&Apply3DSecure=...&AllowGiftAid=...&BillingAgreement=...&DeliveryAddress2=...&DeliveryPhone=...&BasketXML=...&SurchargeXML=...&CardType=...&CardNumber=...&ExpiryDate=...&CV2=...&CardHolder=...&AccountType=...
[2015-04-20 11:07:11] :: Response:
{"VPSProtocol":"VPSProtocol=3.00","Status":"Status=INVALID","StatusDetail":"StatusDetail=3021 : The Basket format is invalid."}
[2015-04-20 11:07:59] :: Request:
VPSProtocol=3.00&TxType=PAYMENT&Vendor=thehutch&VendorTxCode=thehutch-PAYMENT-16939912-613154202&Amount=133.00&Currency=GBP&Description=abcxyz&BillingSurname=...&BillingFirstnames=...&BillingAddress1=...&BillingCity=...&BillingPostCode=...&BillingCountry=...&DeliverySurname=...&DeliveryFirstnames=...&DeliveryAddress1=...&DeliveryCity=...&DeliveryPostCode=...&DeliveryCountry=...&CustomerName=...&CustomerEMail=...&VendorEMail=...&SendEMail=...&eMailMessage=...&BillingAddress2=...&BillingPhone=...&ApplyAVSCV2=...&Apply3DSecure=...&AllowGiftAid=...&BillingAgreement=...&DeliveryAddress2=...&DeliveryPhone=...&BasketXML=...&SurchargeXML=...&CardType=...&CardNumber=...&ExpiryDate=...&CV2=...&CardHolder=...&AccountType=...
[2015-04-20 11:07:59] :: Response:
{"VPSProtocol":"VPSProtocol=3.00","Status":"Status=INVALID","StatusDetail":"StatusDetail=3021 : The Basket format is invalid."}
[2015-04-20 11:12:46] :: Request:
VPSProtocol=3.00&TxType=PAYMENT&Vendor=thehutch&VendorTxCode=thehutch-PAYMENT-24796902-2939734&Amount=133.00&Currency=GBP&Description=abcxyz&BillingSurname=...&BillingFirstnames=...&BillingAddress1=...&BillingCity=...&BillingPostCode=...&BillingCountry=...&DeliverySurname=...&DeliveryFirstnames=...&DeliveryAddress1=...&DeliveryCity=...&DeliveryPostCode=...&DeliveryCountry=...&CustomerName=...&CustomerEMail=...&VendorEMail=...&SendEMail=...&eMailMessage=...&BillingAddress2=...&BillingPhone=...&ApplyAVSCV2=...&Apply3DSecure=...&AllowGiftAid=...&BillingAgreement=...&DeliveryAddress2=...&DeliveryPhone=...&BasketXML=...&SurchargeXML=...&CardType=...&CardNumber=...&ExpiryDate=...&CV2=...&CardHolder=...&AccountType=...
[2015-04-20 11:12:46] :: Response:
{"VPSProtocol":"VPSProtocol=3.00","Status":"Status=INVALID","StatusDetail":"StatusDetail=3195 : The line item amount details do not add up correctly."}
[2015-04-20 11:16:32] :: Request:
VPSProtocol=3.00&TxType=PAYMENT&Vendor=thehutch&VendorTxCode=thehutch-PAYMENT-67678738-886923326&Amount=133.00&Currency=GBP&Description=abcxyz&BillingSurname=...&BillingFirstnames=...&BillingAddress1=...&BillingCity=...&BillingPostCode=...&BillingCountry=...&DeliverySurname=...&DeliveryFirstnames=...&DeliveryAddress1=...&DeliveryCity=...&DeliveryPostCode=...&DeliveryCountry=...&CustomerName=...&CustomerEMail=...&VendorEMail=...&SendEMail=...&eMailMessage=...&BillingAddress2=...&BillingPhone=...&ApplyAVSCV2=...&Apply3DSecure=...&AllowGiftAid=...&BillingAgreement=...&DeliveryAddress2=...&DeliveryPhone=...&BasketXML=...&SurchargeXML=...&CardType=...&CardNumber=...&ExpiryDate=...&CV2=...&CardHolder=...&AccountType=...
[2015-04-20 11:16:32] :: Response:
{"VPSProtocol":"VPSProtocol=3.00","Status":"Status=INVALID","StatusDetail":"StatusDetail=3195 : The line item amount details do not add up correctly."}
[2015-04-20 11:16:34] :: Request:
VPSProtocol=3.00&TxType=PAYMENT&Vendor=thehutch&VendorTxCode=thehutch-PAYMENT-88155234-115074563&Amount=133.00&Currency=GBP&Description=abcxyz&BillingSurname=...&BillingFirstnames=...&BillingAddress1=...&BillingCity=...&BillingPostCode=...&BillingCountry=...&DeliverySurname=...&DeliveryFirstnames=...&DeliveryAddress1=...&DeliveryCity=...&DeliveryPostCode=...&DeliveryCountry=...&CustomerName=...&CustomerEMail=...&VendorEMail=...&SendEMail=...&eMailMessage=...&BillingAddress2=...&BillingPhone=...&ApplyAVSCV2=...&Apply3DSecure=...&AllowGiftAid=...&BillingAgreement=...&DeliveryAddress2=...&DeliveryPhone=...&BasketXML=...&SurchargeXML=...&CardType=...&CardNumber=...&ExpiryDate=...&CV2=...&CardHolder=...&AccountType=...
[2015-04-20 11:16:34] :: Response:
{"VPSProtocol":"VPSProtocol=3.00","Status":"Status=INVALID","StatusDetail":"StatusDetail=3195 : The line item amount details do not add up correctly."}
[2015-04-20 11:19:44] :: Request:
VPSProtocol=3.00&TxType=PAYMENT&Vendor=thehutch&VendorTxCode=thehutch-PAYMENT-55183416-723029608&Amount=128.00&Currency=GBP&Description=abcxyz&BillingSurname=...&BillingFirstnames=...&BillingAddress1=...&BillingCity=...&BillingPostCode=...&BillingCountry=...&DeliverySurname=...&DeliveryFirstnames=...&DeliveryAddress1=...&DeliveryCity=...&DeliveryPostCode=...&DeliveryCountry=...&CustomerName=...&CustomerEMail=...&VendorEMail=...&SendEMail=...&eMailMessage=...&BillingAddress2=...&BillingPhone=...&ApplyAVSCV2=...&Apply3DSecure=...&AllowGiftAid=...&BillingAgreement=...&DeliveryAddress2=...&DeliveryPhone=...&BasketXML=...&SurchargeXML=...&CardType=...&CardNumber=...&ExpiryDate=...&CV2=...&CardHolder=...&AccountType=...
[2015-04-20 11:19:44] :: Response:
{"VPSProtocol":"VPSProtocol=3.00","Status":"Status=3DAUTH","StatusDetail":"StatusDetail=2007 : Please redirect your customer to the ACSURL, passing the MD and PaReq.","3DSecureStatus":"...","MD":"...","ACSURL":"...","PAReq":"..."}
[2015-04-20 11:20:03] :: Request:
VPSProtocol=3.00&TxType=PAYMENT&Vendor=thehutch&VendorTxCode=thehutch-PAYMENT-90647749-576518780&Amount=128.00&Currency=GBP&Description=abcxyz&BillingSurname=...&BillingFirstnames=...&BillingAddress1=...&BillingCity=...&BillingPostCode=...&BillingCountry=...&DeliverySurname=...&DeliveryFirstnames=...&DeliveryAddress1=...&DeliveryCity=...&DeliveryPostCode=...&DeliveryCountry=...&CustomerName=...&CustomerEMail=...&VendorEMail=...&SendEMail=...&eMailMessage=...&BillingAddress2=...&BillingPhone=...&ApplyAVSCV2=...&Apply3DSecure=...&AllowGiftAid=...&BillingAgreement=...&DeliveryAddress2=...&DeliveryPhone=...&BasketXML=...&SurchargeXML=...&CardType=...&CardNumber=...&ExpiryDate=...&CV2=...&CardHolder=...&AccountType=...
[2015-04-20 11:20:03] :: Response:
{"VPSProtocol":"VPSProtocol=3.00","Status":"Status=3DAUTH","StatusDetail":"StatusDetail=2007 : Please redirect your customer to the ACSURL, passing the MD and PaReq.","3DSecureStatus":"...","MD":"...","ACSURL":"...","PAReq":"..."}
[2015-04-20 11:20:12] :: Request:
PaRes=...&MD=...&MDX=...
[2015-04-20 11:20:12] :: Response:
{"VPSProtocol":"VPSProtocol=3.00","Status":"Status=OK","StatusDetail":"StatusDetail=0000 : The Authorisation was Successful.","VPSTxId":"VPSTxId={82324E4D-F25C-51F4-5779-93E20E6200EF}","SecurityKey":"...","TxAuthNo":"...","AVSCV2":"...","AddressResult":"...","PostCodeResult":"...","CV2Result":"...","CAVV":"...","3DSecureStatus":"...","DeclineCode":"...","ExpiryDate":"...","BankAuthCode":"..."}
[2015-04-20 12:21:20] :: Request:
VPSProtocol=3.00&TxType=PAYMENT&Vendor=thehutch&VendorTxCode=thehutch-PAYMENT-71348866-472517905&Amount=248.10&Currency=GBP&Description=abcxyz&BillingSurname=...&BillingFirstnames=...&BillingAddress1=...&BillingCity=...&BillingPostCode=...&BillingCountry=...&DeliverySurname=...&DeliveryFirstnames=...&DeliveryAddress1=...&DeliveryCity=...&DeliveryPostCode=...&DeliveryCountry=...&CustomerName=...&CustomerEMail=...&VendorEMail=...&SendEMail=...&eMailMessage=...&BillingAddress2=...&BillingPhone=...&ApplyAVSCV2=...&Apply3DSecure=...&AllowGiftAid=...&BillingAgreement=...&DeliveryAddress2=...&DeliveryPhone=...&BasketXML=...&SurchargeXML=...&CardType=...&CardNumber=...&ExpiryDate=...&CV2=...&CardHolder=...&AccountType=...
[2015-04-20 12:21:20] :: Response:
{"VPSProtocol":"VPSProtocol=3.00","Status":"Status=INVALID","StatusDetail":"StatusDetail=3141 : The BillingCountry value is invalid."}
[2015-04-20 12:24:11] :: Request:
VPSProtocol=3.00&TxType=PAYMENT&Vendor=thehutch&VendorTxCode=thehutch-PAYMENT-26210558-396519028&Amount=248.10&Currency=GBP&Description=abcxyz&BillingSurname=...&BillingFirstnames=...&BillingAddress1=...&BillingCity=...&BillingPostCode=...&BillingCountry=...&DeliverySurname=...&DeliveryFirstnames=...&DeliveryAddress1=...&DeliveryCity=...&DeliveryPostCode=...&DeliveryCountry=...&CustomerName=...&CustomerEMail=...&VendorEMail=...&SendEMail=...&eMailMessage=...&BillingAddress2=...&BillingPhone=...&ApplyAVSCV2=...&Apply3DSecure=...&AllowGiftAid=...&BillingAgreement=...&DeliveryAddress2=...&DeliveryPhone=...&BasketXML=...&SurchargeXML=...&CardType=...&CardNumber=...&ExpiryDate=...&CV2=...&CardHolder=...&AccountType=...
[2015-04-20 12:24:11] :: Response:
{"VPSProtocol":"VPSProtocol=3.00","Status":"Status=3DAUTH","StatusDetail":"StatusDetail=2007 : Please redirect your customer to the ACSURL, passing the MD and PaReq.","3DSecureStatus":"...","MD":"...","ACSURL":"...","PAReq":"..."}
[2015-04-20 12:35:28] :: Request:
VPSProtocol=3.00&TxType=PAYMENT&Vendor=thehutch&VendorTxCode=thehutch-PAYMENT-28027520-980957575&Amount=248.10&Currency=GBP&Description=abcxyz&BillingSurname=...&BillingFirstnames=...&BillingAddress1=...&BillingCity=...&BillingPostCode=...&BillingCountry=...&DeliverySurname=...&DeliveryFirstnames=...&DeliveryAddress1=...&DeliveryCity=...&DeliveryPostCode=...&DeliveryCountry=...&CustomerName=...&CustomerEMail=...&VendorEMail=...&SendEMail=...&eMailMessage=...&BillingAddress2=...&BillingPhone=...&ApplyAVSCV2=...&Apply3DSecure=...&AllowGiftAid=...&BillingAgreement=...&DeliveryAddress2=...&DeliveryPhone=...&BasketXML=...&SurchargeXML=...&CardType=...&CardNumber=...&ExpiryDate=...&CV2=...&CardHolder=...&AccountType=...
[2015-04-20 12:35:28] :: Response:
{"VPSProtocol":"VPSProtocol=3.00","Status":"Status=3DAUTH","StatusDetail":"StatusDetail=2007 : Please redirect your customer to the ACSURL, passing the MD and PaReq.","3DSecureStatus":"...","MD":"...","ACSURL":"...","PAReq":"..."}
[2015-04-20 12:57:45] :: Request:
VPSProtocol=3.00&TxType=PAYMENT&Vendor=thehutch&VendorTxCode=thehutch-PAYMENT-42142860-860344429&Amount=248.10&Currency=GBP&Description=abcxyz&BillingSurname=...&BillingFirstnames=...&BillingAddress1=...&BillingCity=...&BillingPostCode=...&BillingCountry=...&DeliverySurname=...&DeliveryFirstnames=...&DeliveryAddress1=...&DeliveryCity=...&DeliveryPostCode=...&DeliveryCountry=...&CustomerName=...&CustomerEMail=...&VendorEMail=...&SendEMail=...&eMailMessage=...&BillingAddress2=...&BillingPhone=...&ApplyAVSCV2=...&Apply3DSecure=...&AllowGiftAid=...&BillingAgreement=...&DeliveryAddress2=...&DeliveryPhone=...&BasketXML=...&SurchargeXML=...&CardType=...&CardNumber=...&ExpiryDate=...&CV2=...&CardHolder=...&AccountType=...
[2015-04-20 12:57:45] :: Response:
{"VPSProtocol":"VPSProtocol=3.00","Status":"Status=3DAUTH","StatusDetail":"StatusDetail=2007 : Please redirect your customer to the ACSURL, passing the MD and PaReq.","3DSecureStatus":"...","MD":"...","ACSURL":"...","PAReq":"..."}
[2015-04-20 12:59:18] :: Request:
VPSProtocol=3.00&TxType=PAYMENT&Vendor=thehutch&VendorTxCode=thehutch-PAYMENT-84630768-348953091&Amount=248.10&Currency=GBP&Description=abcxyz&BillingSurname=...&BillingFirstnames=...&BillingAddress1=...&BillingCity=...&BillingPostCode=...&BillingCountry=...&DeliverySurname=...&DeliveryFirstnames=...&DeliveryAddress1=...&DeliveryCity=...&DeliveryPostCode=...&DeliveryCountry=...&CustomerName=...&CustomerEMail=...&VendorEMail=...&SendEMail=...&eMailMessage=...&BillingAddress2=...&BillingPhone=...&ApplyAVSCV2=...&Apply3DSecure=...&AllowGiftAid=...&BillingAgreement=...&DeliveryAddress2=...&DeliveryPhone=...&BasketXML=...&SurchargeXML=...&CardType=...&CardNumber=...&ExpiryDate=...&CV2=...&CardHolder=...&AccountType=...
[2015-04-20 12:59:18] :: Response:
{"VPSProtocol":"VPSProtocol=3.00","Status":"Status=3DAUTH","StatusDetail":"StatusDetail=2007 : Please redirect your customer to the ACSURL, passing the MD and PaReq.","3DSecureStatus":"...","MD":"...","ACSURL":"...","PAReq":"..."}
[2015-04-20 13:03:30] :: Request:
VPSProtocol=3.00&TxType=PAYMENT&Vendor=thehutch&VendorTxCode=thehutch-PAYMENT-42431683-626287807&Amount=248.10&Currency=GBP&Description=abcxyz&BillingSurname=...&BillingFirstnames=...&BillingAddress1=...&BillingCity=...&BillingPostCode=...&BillingCountry=...&DeliverySurname=...&DeliveryFirstnames=...&DeliveryAddress1=...&DeliveryCity=...&DeliveryPostCode=...&DeliveryCountry=...&CustomerName=...&CustomerEMail=...&VendorEMail=...&SendEMail=...&eMailMessage=...&BillingAddress2=...&BillingPhone=...&ApplyAVSCV2=...&Apply3DSecure=...&AllowGiftAid=...&BillingAgreement=...&DeliveryAddress2=...&DeliveryPhone=...&BasketXML=...&SurchargeXML=...&CardType=...&CardNumber=...&ExpiryDate=...&CV2=...&CardHolder=...&AccountType=...
[2015-04-20 13:03:30] :: Response:
{"VPSProtocol":"VPSProtocol=3.00","Status":"Status=3DAUTH","StatusDetail":"StatusDetail=2007 : Please redirect your customer to the ACSURL, passing the MD and PaReq.","3DSecureStatus":"...","MD":"...","ACSURL":"...","PAReq":"..."}
[2015-04-20 13:05:52] :: Request:
VPSProtocol=3.00&TxType=PAYMENT&Vendor=thehutch&VendorTxCode=thehutch-PAYMENT-5779866-222548584&Amount=248.10&Currency=GBP&Description=abcxyz&BillingSurname=...&BillingFirstnames=...&BillingAddress1=...&BillingCity=...&BillingPostCode=...&BillingCountry=...&DeliverySurname=...&DeliveryFirstnames=...&DeliveryAddress1=...&DeliveryCity=...&DeliveryPostCode=...&DeliveryCountry=...&CustomerName=...&CustomerEMail=...&VendorEMail=...&SendEMail=...&eMailMessage=...&BillingAddress2=...&BillingPhone=...&ApplyAVSCV2=...&Apply3DSecure=...&AllowGiftAid=...&BillingAgreement=...&DeliveryAddress2=...&DeliveryPhone=...&BasketXML=...&SurchargeXML=...&CardType=...&CardNumber=...&ExpiryDate=...&CV2=...&CardHolder=...&AccountType=...
[2015-04-20 13:05:52] :: Response:
{"VPSProtocol":"VPSProtocol=3.00","Status":"Status=3DAUTH","StatusDetail":"StatusDetail=2007 : Please redirect your customer to the ACSURL, passing the MD and PaReq.","3DSecureStatus":"...","MD":"...","ACSURL":"...","PAReq":"..."}
[2015-04-20 13:22:13] :: Request:
VPSProtocol=3.00&TxType=PAYMENT&Vendor=thehutch&VendorTxCode=thehutch-PAYMENT-29759706-346900985&Amount=248.10&Currency=GBP&Description=abcxyz&BillingSurname=...&BillingFirstnames=...&BillingAddress1=...&BillingCity=...&BillingPostCode=...&BillingCountry=...&DeliverySurname=...&DeliveryFirstnames=...&DeliveryAddress1=...&DeliveryCity=...&DeliveryPostCode=...&DeliveryCountry=...&CustomerName=...&CustomerEMail=...&VendorEMail=...&SendEMail=...&eMailMessage=...&BillingAddress2=...&BillingPhone=...&ApplyAVSCV2=...&Apply3DSecure=...&AllowGiftAid=...&BillingAgreement=...&DeliveryAddress2=...&DeliveryPhone=...&BasketXML=...&SurchargeXML=...&CardType=...&CardNumber=...&ExpiryDate=...&CV2=...&CardHolder=...&AccountType=...
[2015-04-20 13:22:13] :: Response:
{"VPSProtocol":"VPSProtocol=3.00","Status":"Status=3DAUTH","StatusDetail":"StatusDetail=2007 : Please redirect your customer to the ACSURL, passing the MD and PaReq.","3DSecureStatus":"...","MD":"...","ACSURL":"...","PAReq":"..."}
[2015-04-20 13:27:09] :: Request:
VPSProtocol=3.00&TxType=PAYMENT&Vendor=thehutch&VendorTxCode=thehutch-PAYMENT-94231845-636438534&Amount=248.10&Currency=GBP&Description=abcxyz&BillingSurname=...&BillingFirstnames=...&BillingAddress1=...&BillingCity=...&BillingPostCode=...&BillingCountry=...&DeliverySurname=...&DeliveryFirstnames=...&DeliveryAddress1=...&DeliveryCity=...&DeliveryPostCode=...&DeliveryCountry=...&CustomerName=...&CustomerEMail=...&VendorEMail=...&SendEMail=...&eMailMessage=...&BillingAddress2=...&BillingPhone=...&ApplyAVSCV2=...&Apply3DSecure=...&AllowGiftAid=...&BillingAgreement=...&DeliveryAddress2=...&DeliveryPhone=...&BasketXML=...&SurchargeXML=...&CardType=...&CardNumber=...&ExpiryDate=...&CV2=...&CardHolder=...&AccountType=...
[2015-04-20 13:27:09] :: Response:
{"VPSProtocol":"VPSProtocol=3.00","Status":"Status=3DAUTH","StatusDetail":"StatusDetail=2007 : Please redirect your customer to the ACSURL, passing the MD and PaReq.","3DSecureStatus":"...","MD":"...","ACSURL":"...","PAReq":"..."}
[2015-04-20 13:27:16] :: Request:
VPSProtocol=3.00&TxType=PAYMENT&Vendor=thehutch&VendorTxCode=thehutch-PAYMENT-91438369-293378554&Amount=248.10&Currency=GBP&Description=abcxyz&BillingSurname=...&BillingFirstnames=...&BillingAddress1=...&BillingCity=...&BillingPostCode=...&BillingCountry=...&DeliverySurname=...&DeliveryFirstnames=...&DeliveryAddress1=...&DeliveryCity=...&DeliveryPostCode=...&DeliveryCountry=...&CustomerName=...&CustomerEMail=...&VendorEMail=...&SendEMail=...&eMailMessage=...&BillingAddress2=...&BillingPhone=...&ApplyAVSCV2=...&Apply3DSecure=...&AllowGiftAid=...&BillingAgreement=...&DeliveryAddress2=...&DeliveryPhone=...&BasketXML=...&SurchargeXML=...&CardType=...&CardNumber=...&ExpiryDate=...&CV2=...&CardHolder=...&AccountType=...
[2015-04-20 13:27:16] :: Response:
{"VPSProtocol":"VPSProtocol=3.00","Status":"Status=3DAUTH","StatusDetail":"StatusDetail=2007 : Please redirect your customer to the ACSURL, passing the MD and PaReq.","3DSecureStatus":"...","MD":"...","ACSURL":"...","PAReq":"..."}
[2015-04-20 13:32:08] :: Request:
VPSProtocol=3.00&TxType=PAYMENT&Vendor=thehutch&VendorTxCode=thehutch-PAYMENT-88897693-6322836&Amount=248.10&Currency=GBP&Description=abcxyz&BillingSurname=...&BillingFirstnames=...&BillingAddress1=...&BillingCity=...&BillingPostCode=...&BillingCountry=...&DeliverySurname=...&DeliveryFirstnames=...&DeliveryAddress1=...&DeliveryCity=...&DeliveryPostCode=...&DeliveryCountry=...&CustomerName=...&CustomerEMail=...&VendorEMail=...&SendEMail=...&eMailMessage=...&BillingAddress2=...&BillingPhone=...&ApplyAVSCV2=...&Apply3DSecure=...&AllowGiftAid=...&BillingAgreement=...&DeliveryAddress2=...&DeliveryPhone=...&BasketXML=...&SurchargeXML=...&CardType=...&CardNumber=...&ExpiryDate=...&CV2=...&CardHolder=...&AccountType=...
[2015-04-20 13:32:08] :: Response:
{"VPSProtocol":"VPSProtocol=3.00","Status":"Status=3DAUTH","StatusDetail":"StatusDetail=2007 : Please redirect your customer to the ACSURL, passing the MD and PaReq.","3DSecureStatus":"...","MD":"...","ACSURL":"...","PAReq":"..."}
[2015-04-20 13:32:27] :: Request:
VPSProtocol=3.00&TxType=PAYMENT&Vendor=thehutch&VendorTxCode=thehutch-PAYMENT-72268365-452287399&Amount=248.10&Currency=GBP&Description=abcxyz&BillingSurname=...&BillingFirstnames=...&BillingAddress1=...&BillingCity=...&BillingPostCode=...&BillingCountry=...&DeliverySurname=...&DeliveryFirstnames=...&DeliveryAddress1=...&DeliveryCity=...&DeliveryPostCode=...&DeliveryCountry=...&CustomerName=...&CustomerEMail=...&VendorEMail=...&SendEMail=...&eMailMessage=...&BillingAddress2=...&BillingPhone=...&ApplyAVSCV2=...&Apply3DSecure=...&AllowGiftAid=...&BillingAgreement=...&DeliveryAddress2=...&DeliveryPhone=...&BasketXML=...&SurchargeXML=...&CardType=...&CardNumber=...&ExpiryDate=...&CV2=...&CardHolder=...&AccountType=...
[2015-04-20 13:32:27] :: Response:
{"VPSProtocol":"VPSProtocol=3.00","Status":"Status=3DAUTH","StatusDetail":"StatusDetail=2007 : Please redirect your customer to the ACSURL, passing the MD and PaReq.","3DSecureStatus":"...","MD":"...","ACSURL":"...","PAReq":"..."}
[2015-04-20 16:32:16] :: Request:
VPSProtocol=3.00&TxType=PAYMENT&Vendor=thehutch&VendorTxCode=thehutch-PAYMENT-5056116-632025888&Amount=248.10&Currency=GBP&Description=abcxyz&BillingSurname=...&BillingFirstnames=...&BillingAddress1=...&BillingCity=...&BillingPostCode=...&BillingCountry=...&DeliverySurname=...&DeliveryFirstnames=...&DeliveryAddress1=...&DeliveryCity=...&DeliveryPostCode=...&DeliveryCountry=...&CustomerName=...&CustomerEMail=...&VendorEMail=...&SendEMail=...&eMailMessage=...&BillingAddress2=...&BillingPhone=...&ApplyAVSCV2=...&Apply3DSecure=...&AllowGiftAid=...&BillingAgreement=...&DeliveryAddress2=...&DeliveryPhone=...&BasketXML=...&SurchargeXML=...&CardType=...&CardNumber=...&ExpiryDate=...&CV2=...&CardHolder=...&AccountType=...
[2015-04-20 16:32:16] :: Response:
{"VPSProtocol":"VPSProtocol=3.00","Status":"Status=OK","StatusDetail":"StatusDetail=0000 : The Authorisation was Successful.","VPSTxId":"VPSTxId={FF1C6BBD-3A80-3014-1B1A-50859E2937AA}","SecurityKey":"...","TxAuthNo":"...","AVSCV2":"...","AddressResult":"...","PostCodeResult":"...","CV2Result":"...","3DSecureStatus":"...","DeclineCode":"...","ExpiryDate":"...","BankAuthCode":"...","Surcharge":"..."}
[2015-04-20 16:35:48] :: Request:
VPSProtocol=3.00&TxType=PAYMENT&Vendor=thehutch&VendorTxCode=thehutch-PAYMENT-31587804-416316529&Amount=554.69&Currency=GBP&Description=abcxyz&BillingSurname=...&BillingFirstnames=...&BillingAddress1=...&BillingCity=...&BillingPostCode=...&BillingCountry=...&DeliverySurname=...&DeliveryFirstnames=...&DeliveryAddress1=...&DeliveryCity=...&DeliveryPostCode=...&DeliveryCountry=...&CustomerName=...&CustomerEMail=...&VendorEMail=...&SendEMail=...&eMailMessage=...&BillingAddress2=...&BillingPhone=...&ApplyAVSCV2=...&Apply3DSecure=...&AllowGiftAid=...&BillingAgreement=...&DeliveryAddress2=...&DeliveryPhone=...&BasketXML=...&SurchargeXML=...&CardType=...&CardNumber=...&ExpiryDate=...&CV2=...&CardHolder=...&AccountType=...
[2015-04-20 16:35:48] :: Response:
{"VPSProtocol":"VPSProtocol=3.00","Status":"Status=OK","StatusDetail":"StatusDetail=0000 : The Authorisation was Successful.","VPSTxId":"VPSTxId={A1D20A10-FA5B-F30A-620C-E7D4B98B87C7}","SecurityKey":"...","TxAuthNo":"...","AVSCV2":"...","AddressResult":"...","PostCodeResult":"...","CV2Result":"...","3DSecureStatus":"...","DeclineCode":"...","ExpiryDate":"...","BankAuthCode":"...","Surcharge":"..."}
[2015-04-20 16:40:41] :: Request:
VPSProtocol=3.00&TxType=PAYMENT&Vendor=thehutch&VendorTxCode=thehutch-PAYMENT-92832562-228435712&Amount=399.24&Currency=GBP&Description=abcxyz&BillingSurname=...&BillingFirstnames=...&BillingAddress1=...&BillingCity=...&BillingPostCode=...&BillingCountry=...&DeliverySurname=...&DeliveryFirstnames=...&DeliveryAddress1=...&DeliveryCity=...&DeliveryPostCode=...&DeliveryCountry=...&CustomerName=...&CustomerEMail=...&VendorEMail=...&SendEMail=...&eMailMessage=...&BillingAddress2=...&BillingPhone=...&ApplyAVSCV2=...&Apply3DSecure=...&AllowGiftAid=...&BillingAgreement=...&DeliveryAddress2=...&DeliveryPhone=...&BasketXML=...&SurchargeXML=...&CardType=...&CardNumber=...&ExpiryDate=...&CV2=...&CardHolder=...&AccountType=...
[2015-04-20 16:40:41] :: Response:
{"VPSProtocol":"VPSProtocol=3.00","Status":"Status=MALFORMED","StatusDetail":"StatusDetail=3090 : The BillingPostCode is required."}
[2015-04-20 16:45:31] :: Request:
VPSProtocol=3.00&TxType=PAYMENT&Vendor=thehutch&VendorTxCode=thehutch-PAYMENT-87791077-928679978&Amount=399.24&Currency=GBP&Description=abcxyz&BillingSurname=...&BillingFirstnames=...&BillingAddress1=...&BillingCity=...&BillingPostCode=...&BillingCountry=...&DeliverySurname=...&DeliveryFirstnames=...&DeliveryAddress1=...&DeliveryCity=...&DeliveryPostCode=...&DeliveryCountry=...&CustomerName=...&CustomerEMail=...&VendorEMail=...&SendEMail=...&eMailMessage=...&BillingAddress2=...&BillingPhone=...&ApplyAVSCV2=...&Apply3DSecure=...&AllowGiftAid=...&BillingAgreement=...&DeliveryAddress2=...&DeliveryPhone=...&BasketXML=...&SurchargeXML=...&CardType=...&CardNumber=...&ExpiryDate=...&CV2=...&CardHolder=...&AccountType=...
[2015-04-20 16:45:31] :: Response:
{"VPSProtocol":"VPSProtocol=3.00","Status":"Status=MALFORMED","StatusDetail":"StatusDetail=3090 : The BillingPostCode is required."}
[2015-04-20 16:46:25] :: Request:
VPSProtocol=3.00&TxType=PAYMENT&Vendor=thehutch&VendorTxCode=thehutch-PAYMENT-76327774-194198094&Amount=399.24&Currency=GBP&Description=abcxyz&BillingSurname=...&BillingFirstnames=...&BillingAddress1=...&BillingCity=...&BillingPostCode=...&BillingCountry=...&DeliverySurname=...&DeliveryFirstnames=...&DeliveryAddress1=...&DeliveryCity=...&DeliveryPostCode=...&DeliveryCountry=...&CustomerName=...&CustomerEMail=...&VendorEMail=...&SendEMail=...&eMailMessage=...&BillingAddress2=...&BillingPhone=...&ApplyAVSCV2=...&Apply3DSecure=...&AllowGiftAid=...&BillingAgreement=...&DeliveryAddress2=...&DeliveryPhone=...&BasketXML=...&SurchargeXML=...&CardType=...&CardNumber=...&ExpiryDate=...&CV2=...&CardHolder=...&AccountType=...
[2015-04-20 16:46:25] :: Response:
{"VPSProtocol":"VPSProtocol=3.00","Status":"Status=MALFORMED","StatusDetail":"StatusDetail=3090 : The BillingPostCode is required."}
[2015-04-20 16:54:17] :: Request:
VPSProtocol=3.00&TxType=PAYMENT&Vendor=thehutch&VendorTxCode=thehutch-PAYMENT-84088751-558248822&Amount=399.24&Currency=GBP&Description=abcxyz&BillingSurname=...&BillingFirstnames=...&BillingAddress1=...&BillingCity=...&BillingPostCode=...&BillingCountry=...&DeliverySurname=...&DeliveryFirstnames=...&DeliveryAddress1=...&DeliveryCity=...&DeliveryPostCode=...&DeliveryCountry=...&CustomerName=...&CustomerEMail=...&VendorEMail=...&SendEMail=...&eMailMessage=...&BillingAddress2=...&BillingPhone=...&ApplyAVSCV2=...&Apply3DSecure=...&AllowGiftAid=...&BillingAgreement=...&DeliveryAddress2=...&DeliveryPhone=...&BasketXML=...&SurchargeXML=...&CardType=...&CardNumber=...&ExpiryDate=...&CV2=...&CardHolder=...&AccountType=...
[2015-04-20 16:54:17] :: Response:
{"VPSProtocol":"VPSProtocol=3.00","Status":"Status=MALFORMED","StatusDetail":"StatusDetail=3090 : The BillingPostCode is required."}
[2015-04-20 16:55:14] :: Request:
VPSProtocol=3.00&TxType=PAYMENT&Vendor=thehutch&VendorTxCode=thehutch-PAYMENT-80048851-899393124&Amount=399.24&Currency=GBP&Description=abcxyz&BillingSurname=...&BillingFirstnames=...&BillingAddress1=...&BillingCity=...&BillingPostCode=...&BillingCountry=...&DeliverySurname=...&DeliveryFirstnames=...&DeliveryAddress1=...&DeliveryCity=...&DeliveryPostCode=...&DeliveryCountry=...&CustomerName=...&CustomerEMail=...&VendorEMail=...&SendEMail=...&eMailMessage=...&BillingAddress2=...&BillingPhone=...&ApplyAVSCV2=...&Apply3DSecure=...&AllowGiftAid=...&BillingAgreement=...&DeliveryAddress2=...&DeliveryPhone=...&BasketXML=...&SurchargeXML=...&CardType=...&CardNumber=...&ExpiryDate=...&CV2=...&CardHolder=...&AccountType=...
[2015-04-20 16:55:14] :: Response:
{"VPSProtocol":"VPSProtocol=3.00","Status":"Status=3DAUTH","StatusDetail":"StatusDetail=2007 : Please redirect your customer to the ACSURL, passing the MD and PaReq.","3DSecureStatus":"...","MD":"...","ACSURL":"...","PAReq":"..."}
[2015-04-20 16:55:28] :: Request:
VPSProtocol=3.00&TxType=PAYMENT&Vendor=thehutch&VendorTxCode=thehutch-PAYMENT-99556024-39733654&Amount=399.24&Currency=GBP&Description=abcxyz&BillingSurname=...&BillingFirstnames=...&BillingAddress1=...&BillingCity=...&BillingPostCode=...&BillingCountry=...&DeliverySurname=...&DeliveryFirstnames=...&DeliveryAddress1=...&DeliveryCity=...&DeliveryPostCode=...&DeliveryCountry=...&CustomerName=...&CustomerEMail=...&VendorEMail=...&SendEMail=...&eMailMessage=...&BillingAddress2=...&BillingPhone=...&ApplyAVSCV2=...&Apply3DSecure=...&AllowGiftAid=...&BillingAgreement=...&DeliveryAddress2=...&DeliveryPhone=...&BasketXML=...&SurchargeXML=...&CardType=...&CardNumber=...&ExpiryDate=...&CV2=...&CardHolder=...&AccountType=...
[2015-04-20 16:55:28] :: Response:
{"VPSProtocol":"VPSProtocol=3.00","Status":"Status=3DAUTH","StatusDetail":"StatusDetail=2007 : Please redirect your customer to the ACSURL, passing the MD and PaReq.","3DSecureStatus":"...","MD":"...","ACSURL":"...","PAReq":"..."}
[2015-04-20 16:58:54] :: Request:
VPSProtocol=3.00&TxType=PAYMENT&Vendor=thehutch&VendorTxCode=thehutch-PAYMENT-2864703-557520774&Amount=399.24&Currency=GBP&Description=abcxyz&BillingSurname=...&BillingFirstnames=...&BillingAddress1=...&BillingCity=...&BillingPostCode=...&BillingCountry=...&DeliverySurname=...&DeliveryFirstnames=...&DeliveryAddress1=...&DeliveryCity=...&DeliveryPostCode=...&DeliveryCountry=...&CustomerName=...&CustomerEMail=...&VendorEMail=...&SendEMail=...&eMailMessage=...&BillingAddress2=...&BillingPhone=...&ApplyAVSCV2=...&Apply3DSecure=...&AllowGiftAid=...&BillingAgreement=...&DeliveryAddress2=...&DeliveryPhone=...&BasketXML=...&SurchargeXML=...&CardType=...&CardNumber=...&ExpiryDate=...&CV2=...&CardHolder=...&AccountType=...
[2015-04-20 16:58:54] :: Response:
{"VPSProtocol":"VPSProtocol=3.00","Status":"Status=3DAUTH","StatusDetail":"StatusDetail=2007 : Please redirect your customer to the ACSURL, passing the MD and PaReq.","3DSecureStatus":"...","MD":"...","ACSURL":"...","PAReq":"..."}
[2015-04-20 17:03:51] :: Request:
MD=...&PARes=...
[2015-04-20 17:03:51] :: Response:
{"VPSProtocol":"VPSProtocol=3.00","Status":"Status=OK","StatusDetail":"StatusDetail=0000 : The Authorisation was Successful.","VPSTxId":"VPSTxId={73470C7C-18C8-B9BF-EB25-1CF7E758D3C7}","SecurityKey":"...","TxAuthNo":"...","AVSCV2":"...","AddressResult":"...","PostCodeResult":"...","CV2Result":"...","CAVV":"...","3DSecureStatus":"...","DeclineCode":"...","ExpiryDate":"...","BankAuthCode":"..."}
[2015-04-20 17:07:09] :: Request:
VPSProtocol=3.00&TxType=PAYMENT&Vendor=thehutch&VendorTxCode=thehutch-PAYMENT-21454382-610911295&Amount=399.24&Currency=GBP&Description=abcxyz&BillingSurname=...&BillingFirstnames=...&BillingAddress1=...&BillingCity=...&BillingPostCode=...&BillingCountry=...&DeliverySurname=...&DeliveryFirstnames=...&DeliveryAddress1=...&DeliveryCity=...&DeliveryPostCode=...&DeliveryCountry=...&CustomerName=...&CustomerEMail=...&VendorEMail=...&SendEMail=...&eMailMessage=...&BillingAddress2=...&BillingPhone=...&ApplyAVSCV2=...&Apply3DSecure=...&AllowGiftAid=...&BillingAgreement=...&DeliveryAddress2=...&DeliveryPhone=...&BasketXML=...&SurchargeXML=...&CardType=...&CardNumber=...&ExpiryDate=...&CV2=...&CardHolder=...&AccountType=...
[2015-04-20 17:07:09] :: Response:
{"VPSProtocol":"VPSProtocol=3.00","Status":"Status=3DAUTH","StatusDetail":"StatusDetail=2007 : Please redirect your customer to the ACSURL, passing the MD and PaReq.","3DSecureStatus":"...","MD":"...","ACSURL":"...","PAReq":"..."}
[2015-04-20 17:07:25] :: Request:
MD=...&PARes=...
[2015-04-20 17:07:25] :: Response:
{"VPSProtocol":"VPSProtocol=3.00","Status":"Status=OK","StatusDetail":"StatusDetail=0000 : The Authorisation was Successful.","VPSTxId":"VPSTxId={92DB0FB5-2B14-394D-D273-BA99DC467C25}","SecurityKey":"...","TxAuthNo":"...","AVSCV2":"...","AddressResult":"...","PostCodeResult":"...","CV2Result":"...","CAVV":"...","3DSecureStatus":"...","DeclineCode":"...","ExpiryDate":"...","BankAuthCode":"..."}
[2015-04-20 17:13:00] :: Request:
VPSProtocol=3.00&TxType=PAYMENT&Vendor=thehutch&VendorTxCode=thehutch-PAYMENT-18973933-29852585&Amount=399.24&Currency=GBP&Description=abcxyz&BillingSurname=...&BillingFirstnames=...&BillingAddress1=...&BillingCity=...&BillingPostCode=...&BillingCountry=...&DeliverySurname=...&DeliveryFirstnames=...&DeliveryAddress1=...&DeliveryCity=...&DeliveryPostCode=...&DeliveryCountry=...&CustomerName=...&CustomerEMail=...&VendorEMail=...&SendEMail=...&eMailMessage=...&BillingAddress2=...&BillingPhone=...&ApplyAVSCV2=...&Apply3DSecure=...&AllowGiftAid=...&BillingAgreement=...&DeliveryAddress2=...&DeliveryPhone=...&BasketXML=...&SurchargeXML=...&CardType=...&CardNumber=...&ExpiryDate=...&CV2=...&CardHolder=...&AccountType=...
[2015-04-20 17:13:00] :: Response:
{"VPSProtocol":"VPSProtocol=3.00","Status":"Status=3DAUTH","StatusDetail":"StatusDetail=2007 : Please redirect your customer to the ACSURL, passing the MD and PaReq.","3DSecureStatus":"...","MD":"...","ACSURL":"...","PAReq":"..."}
[2015-04-20 17:14:30] :: Request:
VPSProtocol=3.00&TxType=PAYMENT&Vendor=thehutch&VendorTxCode=thehutch-PAYMENT-7098846-524301949&Amount=399.24&Currency=GBP&Description=abcxyz&BillingSurname=...&BillingFirstnames=...&BillingAddress1=...&BillingCity=...&BillingPostCode=...&BillingCountry=...&DeliverySurname=...&DeliveryFirstnames=...&DeliveryAddress1=...&DeliveryCity=...&DeliveryPostCode=...&DeliveryCountry=...&CustomerName=...&CustomerEMail=...&VendorEMail=...&SendEMail=...&eMailMessage=...&BillingAddress2=...&BillingPhone=...&ApplyAVSCV2=...&Apply3DSecure=...&AllowGiftAid=...&BillingAgreement=...&DeliveryAddress2=...&DeliveryPhone=...&BasketXML=...&SurchargeXML=...&CardType=...&CardNumber=...&ExpiryDate=...&CV2=...&CardHolder=...&AccountType=...
[2015-04-20 17:14:30] :: Response:
{"VPSProtocol":"VPSProtocol=3.00","Status":"Status=3DAUTH","StatusDetail":"StatusDetail=2007 : Please redirect your customer to the ACSURL, passing the MD and PaReq.","3DSecureStatus":"...","MD":"...","ACSURL":"...","PAReq":"..."}
[2015-04-20 17:16:14] :: Request:
VPSProtocol=3.00&TxType=PAYMENT&Vendor=thehutch&VendorTxCode=thehutch-PAYMENT-28761203-554163356&Amount=399.24&Currency=GBP&Description=abcxyz&BillingSurname=...&BillingFirstnames=...&BillingAddress1=...&BillingCity=...&BillingPostCode=...&BillingCountry=...&DeliverySurname=...&DeliveryFirstnames=...&DeliveryAddress1=...&DeliveryCity=...&DeliveryPostCode=...&DeliveryCountry=...&CustomerName=...&CustomerEMail=...&VendorEMail=...&SendEMail=...&eMailMessage=...&BillingAddress2=...&BillingPhone=...&ApplyAVSCV2=...&Apply3DSecure=...&AllowGiftAid=...&BillingAgreement=...&DeliveryAddress2=...&DeliveryPhone=...&BasketXML=...&SurchargeXML=...&CardType=...&CardNumber=...&ExpiryDate=...&CV2=...&CardHolder=...&AccountType=...
[2015-04-20 17:16:14] :: Response:
{"VPSProtocol":"VPSProtocol=3.00","Status":"Status=3DAUTH","StatusDetail":"StatusDetail=2007 : Please redirect your customer to the ACSURL, passing the MD and PaReq.","3DSecureStatus":"...","MD":"...","ACSURL":"...","PAReq":"..."}
[2015-04-20 17:16:26] :: Request:
MD=...&PARes=...
[2015-04-20 17:16:26] :: Response:
{"VPSProtocol":"VPSProtocol=3.00","Status":"Status=OK","StatusDetail":"StatusDetail=0000 : The Authorisation was Successful.","VPSTxId":"VPSTxId={FE1A28A1-48A7-6C28-BF60-64C98E9024FC}","SecurityKey":"...","TxAuthNo":"...","AVSCV2":"...","AddressResult":"...","PostCodeResult":"...","CV2Result":"...","CAVV":"...","3DSecureStatus":"...","DeclineCode":"...","ExpiryDate":"...","BankAuthCode":"..."}
[2015-04-20 17:18:40] :: Request:
MD=...&PARes=...
[2015-04-20 17:18:40] :: Response:
{"VPSProtocol":"VPSProtocol=2.23","Status":"Status=INVALID","StatusDetail":"StatusDetail=5036 : transaction not found"}
[2015-04-20 17:19:34] :: Request:
MD=...&PARes=...
[2015-04-20 17:19:34] :: Response:
{"VPSProtocol":"VPSProtocol=2.23","Status":"Status=INVALID","StatusDetail":"StatusDetail=5036 : transaction not found"}
[2015-04-20 17:20:16] :: Request:
VPSProtocol=3.00&TxType=PAYMENT&Vendor=thehutch&VendorTxCode=thehutch-PAYMENT-11935659-475597854&Amount=399.24&Currency=GBP&Description=abcxyz&BillingSurname=...&BillingFirstnames=...&BillingAddress1=...&BillingCity=...&BillingPostCode=...&BillingCountry=...&DeliverySurname=...&DeliveryFirstnames=...&DeliveryAddress1=...&DeliveryCity=...&DeliveryPostCode=...&DeliveryCountry=...&CustomerName=...&CustomerEMail=...&VendorEMail=...&SendEMail=...&eMailMessage=...&BillingAddress2=...&BillingPhone=...&ApplyAVSCV2=...&Apply3DSecure=...&AllowGiftAid=...&BillingAgreement=...&DeliveryAddress2=...&DeliveryPhone=...&BasketXML=...&SurchargeXML=...&CardType=...&CardNumber=...&ExpiryDate=...&CV2=...&CardHolder=...&AccountType=...
[2015-04-20 17:20:16] :: Response:
{"VPSProtocol":"VPSProtocol=3.00","Status":"Status=3DAUTH","StatusDetail":"StatusDetail=2007 : Please redirect your customer to the ACSURL, passing the MD and PaReq.","3DSecureStatus":"...","MD":"...","ACSURL":"...","PAReq":"..."}
[2015-04-20 17:20:24] :: Request:
MD=...&PARes=...
[2015-04-20 17:20:24] :: Response:
{"VPSProtocol":"VPSProtocol=3.00","Status":"Status=OK","StatusDetail":"StatusDetail=0000 : The Authorisation was Successful.","VPSTxId":"VPSTxId={36DF4368-8226-2948-7646-E1A9C9F5A9EA}","SecurityKey":"...","TxAuthNo":"...","AVSCV2":"...","AddressResult":"...","PostCodeResult":"...","CV2Result":"...","CAVV":"...","3DSecureStatus":"...","DeclineCode":"...","ExpiryDate":"...","BankAuthCode":"..."}
[2015-04-20 19:04:27] :: Request:
VPSProtocol=3.00&TxType=PAYMENT&Vendor=thehutch&VendorTxCode=thehutch-PAYMENT-86638408-873083616&Amount=218.10&Currency=GBP&Description=abcxyz&BillingSurname=...&BillingFirstnames=...&BillingAddress1=...&BillingCity=...&BillingPostCode=...&BillingCountry=...&DeliverySurname=...&DeliveryFirstnames=...&DeliveryAddress1=...&DeliveryCity=...&DeliveryPostCode=...&DeliveryCountry=...&CustomerName=...&CustomerEMail=...&VendorEMail=...&SendEMail=...&eMailMessage=...&BillingAddress2=...&BillingPhone=...&ApplyAVSCV2=...&Apply3DSecure=...&AllowGiftAid=...&BillingAgreement=...&DeliveryAddress2=...&DeliveryPhone=...&BasketXML=...&SurchargeXML=...&CardType=...&CardNumber=...&ExpiryDate=...&CV2=...&CardHolder=...&AccountType=...
[2015-04-20 19:04:27] :: Response:
{"VPSProtocol":"VPSProtocol=3.00","Status":"Status=3DAUTH","StatusDetail":"StatusDetail=2007 : Please redirect your customer to the ACSURL, passing the MD and PaReq.","3DSecureStatus":"...","MD":"...","ACSURL":"...","PAReq":"..."}
[2015-04-20 19:04:36] :: Request:
MD=...&PARes=...
[2015-04-20 19:04:36] :: Response:
{"VPSProtocol":"VPSProtocol=3.00","Status":"Status=OK","StatusDetail":"StatusDetail=0000 : The Authorisation was Successful.","VPSTxId":"VPSTxId={9AB13AB5-F751-F5AA-2A56-73516B8431B7}","SecurityKey":"...","TxAuthNo":"...","AVSCV2":"...","AddressResult":"...","PostCodeResult":"...","CV2Result":"...","CAVV":"...","3DSecureStatus":"...","DeclineCode":"...","ExpiryDate":"...","BankAuthCode":"..."}
